Flow report for 3_lab
Thu Nov 09 21:41:58 2023
Quartus Prime Version 20.1.1 Build 720 11/11/2020 SJ Lite Edition


---------------------
; Table of Contents ;
---------------------
  1. Legal Notice
  2. Flow Summary
  3. Flow Settings
  4. Flow Non-Default Global Settings
  5. Flow Elapsed Time
  6. Flow OS Summary
  7. Flow Log
  8. Flow Messages
  9. Flow Suppressed Messages



----------------
; Legal Notice ;
----------------
Copyright (C) 2020  Intel Corporation. All rights reserved.
Your use of Intel Corporation's design tools, logic functions 
and other software and tools, and any partner logic 
functions, and any output files from any of the foregoing 
(including device programming or simulation files), and any 
associated documentation or information are expressly subject 
to the terms and conditions of the Intel Program License 
Subscription Agreement, the Intel Quartus Prime License Agreement,
the Intel FPGA IP License Agreement, or other applicable license
agreement, including, without limitation, that your use is for
the sole purpose of programming logic devices manufactured by
Intel and sold by Intel or its authorized distributors.  Please
refer to the applicable agreement for further details, at
https://fpgasoftware.intel.com/eula.



+----------------------------------------------------------------------------------+
; Flow Summary                                                                     ;
+------------------------------------+---------------------------------------------+
; Flow Status                        ; Successful - Thu Nov 09 21:41:58 2023       ;
; Quartus Prime Version              ; 20.1.1 Build 720 11/11/2020 SJ Lite Edition ;
; Revision Name                      ; 3_lab                                       ;
; Top-level Entity Name              ; num1                                        ;
; Family                             ; Cyclone IV E                                ;
; Device                             ; EP4CE6E22C8                                 ;
; Timing Models                      ; Final                                       ;
; Total logic elements               ; 151 / 6,272 ( 2 % )                         ;
;     Total combinational functions  ; 151 / 6,272 ( 2 % )                         ;
;     Dedicated logic registers      ; 39 / 6,272 ( < 1 % )                        ;
; Total registers                    ; 39                                          ;
; Total pins                         ; 5 / 92 ( 5 % )                              ;
; Total virtual pins                 ; 0                                           ;
; Total memory bits                  ; 0 / 276,480 ( 0 % )                         ;
; Embedded Multiplier 9-bit elements ; 0 / 30 ( 0 % )                              ;
; Total PLLs                         ; 0 / 2 ( 0 % )                               ;
+------------------------------------+---------------------------------------------+


+-----------------------------------------+
; Flow Settings                           ;
+-------------------+---------------------+
; Option            ; Setting             ;
+-------------------+---------------------+
; Start date & time ; 11/09/2023 21:41:37 ;
; Main task         ; Compilation         ;
; Revision Name     ; 3_lab               ;
+-------------------+---------------------+


+-------------------------------------------------------------------------------------------------------------------------------------------------+
; Flow Non-Default Global Settings                                                                                                                ;
+--------------------------------------+----------------------------------------+---------------+-------------+-----------------------------------+
; Assignment Name                      ; Value                                  ; Default Value ; Entity Name ; Section Id                        ;
+--------------------------------------+----------------------------------------+---------------+-------------+-----------------------------------+
; COMPILER_SIGNATURE_ID                ; 193912845254493.169955529708300        ; --            ; --          ; --                                ;
; EDA_DESIGN_INSTANCE_NAME             ; NA                                     ; --            ; --          ; testbench1                        ;
; EDA_DESIGN_INSTANCE_NAME             ; NA                                     ; --            ; --          ; Gal                               ;
; EDA_DESIGN_INSTANCE_NAME             ; NA                                     ; --            ; --          ; bell                              ;
; EDA_DESIGN_INSTANCE_NAME             ; NA                                     ; --            ; --          ; hw_bell3                          ;
; EDA_DESIGN_INSTANCE_NAME             ; NA                                     ; --            ; --          ; pwd                               ;
; EDA_DESIGN_INSTANCE_NAME             ; NA                                     ; --            ; --          ; testbench2                        ;
; EDA_DESIGN_INSTANCE_NAME             ; NA                                     ; --            ; --          ; testbench3                        ;
; EDA_DESIGN_INSTANCE_NAME             ; NA                                     ; --            ; --          ; testbench4                        ;
; EDA_DESIGN_INSTANCE_NAME             ; NA                                     ; --            ; --          ; testbench5                        ;
; EDA_DESIGN_INSTANCE_NAME             ; NA                                     ; --            ; --          ; Fib                               ;
; EDA_GENERATE_FUNCTIONAL_NETLIST      ; Off                                    ; --            ; --          ; eda_board_design_timing           ;
; EDA_GENERATE_FUNCTIONAL_NETLIST      ; Off                                    ; --            ; --          ; eda_board_design_boundary_scan    ;
; EDA_GENERATE_FUNCTIONAL_NETLIST      ; Off                                    ; --            ; --          ; eda_board_design_signal_integrity ;
; EDA_GENERATE_FUNCTIONAL_NETLIST      ; Off                                    ; --            ; --          ; eda_board_design_symbol           ;
; EDA_NATIVELINK_SIMULATION_TEST_BENCH ; Fib                                    ; --            ; --          ; eda_simulation                    ;
; EDA_OUTPUT_DATA_FORMAT               ; Systemverilog Hdl                      ; --            ; --          ; eda_simulation                    ;
; EDA_SIMULATION_TOOL                  ; ModelSim-Altera (SystemVerilog)        ; <None>        ; --          ; --                                ;
; EDA_TEST_BENCH_ENABLE_STATUS         ; TEST_BENCH_MODE                        ; --            ; --          ; eda_simulation                    ;
; EDA_TEST_BENCH_FILE                  ; output_files/tb_lab3.sv                ; --            ; --          ; testbench1                        ;
; EDA_TEST_BENCH_FILE                  ; output_files/tb_lab3_10.sv             ; --            ; --          ; Gal                               ;
; EDA_TEST_BENCH_FILE                  ; output_files/tb_lab3_7.sv              ; --            ; --          ; bell                              ;
; EDA_TEST_BENCH_FILE                  ; output_files/tb_lab3_8.sv              ; --            ; --          ; hw_bell3                          ;
; EDA_TEST_BENCH_FILE                  ; output_files/tb_lab3_6.sv              ; --            ; --          ; pwd                               ;
; EDA_TEST_BENCH_FILE                  ; output_files/tb_lab3_2.sv              ; --            ; --          ; testbench2                        ;
; EDA_TEST_BENCH_FILE                  ; output_files/tb_lab3_3.sv              ; --            ; --          ; testbench3                        ;
; EDA_TEST_BENCH_FILE                  ; output_files/tb_lab3_4.sv              ; --            ; --          ; testbench4                        ;
; EDA_TEST_BENCH_FILE                  ; output_files/tb_lab3_5.sv              ; --            ; --          ; testbench5                        ;
; EDA_TEST_BENCH_FILE                  ; output_files/tb_lab3_9.sv              ; --            ; --          ; Fib                               ;
; EDA_TEST_BENCH_MODULE_NAME           ; tb_lab3                                ; --            ; --          ; testbench1                        ;
; EDA_TEST_BENCH_MODULE_NAME           ; tb_lab3_10                             ; --            ; --          ; Gal                               ;
; EDA_TEST_BENCH_MODULE_NAME           ; tb_lab3_7                              ; --            ; --          ; bell                              ;
; EDA_TEST_BENCH_MODULE_NAME           ; tb_lab3_8                              ; --            ; --          ; hw_bell3                          ;
; EDA_TEST_BENCH_MODULE_NAME           ; tb_lab3_6                              ; --            ; --          ; pwd                               ;
; EDA_TEST_BENCH_MODULE_NAME           ; tb_lab3_2                              ; --            ; --          ; testbench2                        ;
; EDA_TEST_BENCH_MODULE_NAME           ; tb_lab3_3                              ; --            ; --          ; testbench3                        ;
; EDA_TEST_BENCH_MODULE_NAME           ; tb_lab3_4                              ; --            ; --          ; testbench4                        ;
; EDA_TEST_BENCH_MODULE_NAME           ; tb_lab3_5                              ; --            ; --          ; testbench5                        ;
; EDA_TEST_BENCH_MODULE_NAME           ; tb_lab3_9                              ; --            ; --          ; Fib                               ;
; EDA_TEST_BENCH_NAME                  ; testbench1                             ; --            ; --          ; eda_simulation                    ;
; EDA_TEST_BENCH_NAME                  ; testbench2                             ; --            ; --          ; eda_simulation                    ;
; EDA_TEST_BENCH_NAME                  ; testbench3                             ; --            ; --          ; eda_simulation                    ;
; EDA_TEST_BENCH_NAME                  ; testbench4                             ; --            ; --          ; eda_simulation                    ;
; EDA_TEST_BENCH_NAME                  ; testbench5                             ; --            ; --          ; eda_simulation                    ;
; EDA_TEST_BENCH_NAME                  ; pwd                                    ; --            ; --          ; eda_simulation                    ;
; EDA_TEST_BENCH_NAME                  ; bell                                   ; --            ; --          ; eda_simulation                    ;
; EDA_TEST_BENCH_NAME                  ; hw_bell3                               ; --            ; --          ; eda_simulation                    ;
; EDA_TEST_BENCH_NAME                  ; Fib                                    ; --            ; --          ; eda_simulation                    ;
; EDA_TEST_BENCH_NAME                  ; Gal                                    ; --            ; --          ; eda_simulation                    ;
; EDA_TIME_SCALE                       ; 1 ps                                   ; --            ; --          ; eda_simulation                    ;
; MAX_CORE_JUNCTION_TEMP               ; 85                                     ; --            ; --          ; --                                ;
; MIN_CORE_JUNCTION_TEMP               ; 0                                      ; --            ; --          ; --                                ;
; PARTITION_COLOR                      ; -- (Not supported for targeted family) ; --            ; num1        ; Top                               ;
; PARTITION_FITTER_PRESERVATION_LEVEL  ; -- (Not supported for targeted family) ; --            ; num1        ; Top                               ;
; PARTITION_NETLIST_TYPE               ; -- (Not supported for targeted family) ; --            ; num1        ; Top                               ;
; POWER_BOARD_THERMAL_MODEL            ; None (CONSERVATIVE)                    ; --            ; --          ; --                                ;
; POWER_PRESET_COOLING_SOLUTION        ; 23 MM HEAT SINK WITH 200 LFPM AIRFLOW  ; --            ; --          ; --                                ;
; PROJECT_OUTPUT_DIRECTORY             ; output_files                           ; --            ; --          ; --                                ;
; TOP_LEVEL_ENTITY                     ; num1                                   ; 3_lab         ; --          ; --                                ;
+--------------------------------------+----------------------------------------+---------------+-------------+-----------------------------------+


+--------------------------------------------------------------------------------------------------------------------------+
; Flow Elapsed Time                                                                                                        ;
+----------------------+--------------+-------------------------+---------------------+------------------------------------+
; Module Name          ; Elapsed Time ; Average Processors Used ; Peak Virtual Memory ; Total CPU Time (on all processors) ;
+----------------------+--------------+-------------------------+---------------------+------------------------------------+
; Analysis & Synthesis ; 00:00:08     ; 1.0                     ; 4816 MB             ; 00:00:19                           ;
; Fitter               ; 00:00:05     ; 1.1                     ; 6100 MB             ; 00:00:05                           ;
; Assembler            ; 00:00:00     ; 1.0                     ; 4677 MB             ; 00:00:01                           ;
; Timing Analyzer      ; 00:00:02     ; 1.1                     ; 4854 MB             ; 00:00:01                           ;
; EDA Netlist Writer   ; 00:00:00     ; 1.0                     ; 4634 MB             ; 00:00:00                           ;
; Total                ; 00:00:15     ; --                      ; --                  ; 00:00:26                           ;
+----------------------+--------------+-------------------------+---------------------+------------------------------------+


+------------------------------------------------------------------------------------+
; Flow OS Summary                                                                    ;
+----------------------+------------------+------------+------------+----------------+
; Module Name          ; Machine Hostname ; OS Name    ; OS Version ; Processor type ;
+----------------------+------------------+------------+------------+----------------+
; Analysis & Synthesis ; Joniele-notebook ; Windows 10 ; 10.0       ; x86_64         ;
; Fitter               ; Joniele-notebook ; Windows 10 ; 10.0       ; x86_64         ;
; Assembler            ; Joniele-notebook ; Windows 10 ; 10.0       ; x86_64         ;
; Timing Analyzer      ; Joniele-notebook ; Windows 10 ; 10.0       ; x86_64         ;
; EDA Netlist Writer   ; Joniele-notebook ; Windows 10 ; 10.0       ; x86_64         ;
+----------------------+------------------+------------+------------+----------------+


------------
; Flow Log ;
------------
quartus_map --read_settings_files=on --write_settings_files=off 3_lab -c 3_lab
quartus_fit --read_settings_files=off --write_settings_files=off 3_lab -c 3_lab
quartus_asm --read_settings_files=off --write_settings_files=off 3_lab -c 3_lab
quartus_sta 3_lab -c 3_lab
quartus_eda --read_settings_files=off --write_settings_files=off 3_lab -c 3_lab



