Analysis & Synthesis report for march
Tue Oct 24 12:36:08 2023
Quartus Prime Version 20.1.1 Build 720 11/11/2020 SJ Lite Edition


---------------------
; Table of Contents ;
---------------------
  1. Legal Notice
  2. Analysis & Synthesis Summary
  3. Analysis & Synthesis Settings
  4. Parallel Compilation
  5. Analysis & Synthesis Source Files Read
  6. Analysis & Synthesis Resource Usage Summary
  7. Analysis & Synthesis Resource Utilization by Entity
  8. State Machine - |song_top|state
  9. Registers Removed During Synthesis
 10. General Register Statistics
 11. Parameter Settings for User Entity Instance: Top-level Entity: |song_top
 12. Post-Synthesis Netlist Statistics for Top Partition
 13. Elapsed Time Per Partition
 14. Analysis & Synthesis Messages



----------------
; Legal Notice ;
----------------
Copyright (C) 2020  Intel Corporation. All rights reserved.
Your use of Intel Corporation's design tools, logic functions 
and other software and tools, and any partner logic 
functions, and any output files from any of the foregoing 
(including device programming or simulation files), and any 
associated documentation or information are expressly subject 
to the terms and conditions of the Intel Program License 
Subscription Agreement, the Intel Quartus Prime License Agreement,
the Intel FPGA IP License Agreement, or other applicable license
agreement, including, without limitation, that your use is for
the sole purpose of programming logic devices manufactured by
Intel and sold by Intel or its authorized distributors.  Please
refer to the applicable agreement for further details, at
https://fpgasoftware.intel.com/eula.



+----------------------------------------------------------------------------------+
; Analysis & Synthesis Summary                                                     ;
+------------------------------------+---------------------------------------------+
; Analysis & Synthesis Status        ; Successful - Tue Oct 24 12:36:08 2023       ;
; Quartus Prime Version              ; 20.1.1 Build 720 11/11/2020 SJ Lite Edition ;
; Revision Name                      ; march                                       ;
; Top-level Entity Name              ; song_top                                    ;
; Family                             ; Cyclone IV E                                ;
; Total logic elements               ; 310                                         ;
;     Total combinational functions  ; 307                                         ;
;     Dedicated logic registers      ; 179                                         ;
; Total registers                    ; 179                                         ;
; Total pins                         ; 3                                           ;
; Total virtual pins                 ; 0                                           ;
; Total memory bits                  ; 0                                           ;
; Embedded Multiplier 9-bit elements ; 0                                           ;
; Total PLLs                         ; 0                                           ;
+------------------------------------+---------------------------------------------+


+------------------------------------------------------------------------------------------------------------+
; Analysis & Synthesis Settings                                                                              ;
+------------------------------------------------------------------+--------------------+--------------------+
; Option                                                           ; Setting            ; Default Value      ;
+------------------------------------------------------------------+--------------------+--------------------+
; Device                                                           ; EP4CE6E22C8        ;                    ;
; Top-level entity name                                            ; song_top           ; march              ;
; Family name                                                      ; Cyclone IV E       ; Cyclone V          ;
; Use smart compilation                                            ; Off                ; Off                ;
; Enable parallel Assembler and Timing Analyzer during compilation ; On                 ; On                 ;
; Enable compact report table                                      ; Off                ; Off                ;
; Restructure Multiplexers                                         ; Auto               ; Auto               ;
; Create Debugging Nodes for IP Cores                              ; Off                ; Off                ;
; Preserve fewer node names                                        ; On                 ; On                 ;
; Intel FPGA IP Evaluation Mode                                    ; Enable             ; Enable             ;
; Verilog Version                                                  ; Verilog_2001       ; Verilog_2001       ;
; VHDL Version                                                     ; VHDL_1993          ; VHDL_1993          ;
; State Machine Processing                                         ; Auto               ; Auto               ;
; Safe State Machine                                               ; Off                ; Off                ;
; Extract Verilog State Machines                                   ; On                 ; On                 ;
; Extract VHDL State Machines                                      ; On                 ; On                 ;
; Ignore Verilog initial constructs                                ; Off                ; Off                ;
; Iteration limit for constant Verilog loops                       ; 5000               ; 5000               ;
; Iteration limit for non-constant Verilog loops                   ; 250                ; 250                ;
; Add Pass-Through Logic to Inferred RAMs                          ; On                 ; On                 ;
; Infer RAMs from Raw Logic                                        ; On                 ; On                 ;
; Parallel Synthesis                                               ; On                 ; On                 ;
; DSP Block Balancing                                              ; Auto               ; Auto               ;
; NOT Gate Push-Back                                               ; On                 ; On                 ;
; Power-Up Don't Care                                              ; On                 ; On                 ;
; Remove Redundant Logic Cells                                     ; Off                ; Off                ;
; Remove Duplicate Registers                                       ; On                 ; On                 ;
; Ignore CARRY Buffers                                             ; Off                ; Off                ;
; Ignore CASCADE Buffers                                           ; Off                ; Off                ;
; Ignore GLOBAL Buffers                                            ; Off                ; Off                ;
; Ignore ROW GLOBAL Buffers                                        ; Off                ; Off                ;
; Ignore LCELL Buffers                                             ; Off                ; Off                ;
; Ignore SOFT Buffers                                              ; On                 ; On                 ;
; Limit AHDL Integers to 32 Bits                                   ; Off                ; Off                ;
; Optimization Technique                                           ; Balanced           ; Balanced           ;
; Carry Chain Length                                               ; 70                 ; 70                 ;
; Auto Carry Chains                                                ; On                 ; On                 ;
; Auto Open-Drain Pins                                             ; On                 ; On                 ;
; Perform WYSIWYG Primitive Resynthesis                            ; Off                ; Off                ;
; Auto ROM Replacement                                             ; On                 ; On                 ;
; Auto RAM Replacement                                             ; On                 ; On                 ;
; Auto DSP Block Replacement                                       ; On                 ; On                 ;
; Auto Shift Register Replacement                                  ; Auto               ; Auto               ;
; Allow Shift Register Merging across Hierarchies                  ; Auto               ; Auto               ;
; Auto Clock Enable Replacement                                    ; On                 ; On                 ;
; Strict RAM Replacement                                           ; Off                ; Off                ;
; Allow Synchronous Control Signals                                ; On                 ; On                 ;
; Force Use of Synchronous Clear Signals                           ; Off                ; Off                ;
; Auto RAM Block Balancing                                         ; On                 ; On                 ;
; Auto RAM to Logic Cell Conversion                                ; Off                ; Off                ;
; Auto Resource Sharing                                            ; Off                ; Off                ;
; Allow Any RAM Size For Recognition                               ; Off                ; Off                ;
; Allow Any ROM Size For Recognition                               ; Off                ; Off                ;
; Allow Any Shift Register Size For Recognition                    ; Off                ; Off                ;
; Use LogicLock Constraints during Resource Balancing              ; On                 ; On                 ;
; Ignore translate_off and synthesis_off directives                ; Off                ; Off                ;
; Timing-Driven Synthesis                                          ; On                 ; On                 ;
; Report Parameter Settings                                        ; On                 ; On                 ;
; Report Source Assignments                                        ; On                 ; On                 ;
; Report Connectivity Checks                                       ; On                 ; On                 ;
; Ignore Maximum Fan-Out Assignments                               ; Off                ; Off                ;
; Synchronization Register Chain Length                            ; 2                  ; 2                  ;
; Power Optimization During Synthesis                              ; Normal compilation ; Normal compilation ;
; HDL message level                                                ; Level2             ; Level2             ;
; Suppress Register Optimization Related Messages                  ; Off                ; Off                ;
; Number of Removed Registers Reported in Synthesis Report         ; 5000               ; 5000               ;
; Number of Swept Nodes Reported in Synthesis Report               ; 5000               ; 5000               ;
; Number of Inverted Registers Reported in Synthesis Report        ; 100                ; 100                ;
; Clock MUX Protection                                             ; On                 ; On                 ;
; Auto Gated Clock Conversion                                      ; Off                ; Off                ;
; Block Design Naming                                              ; Auto               ; Auto               ;
; SDC constraint protection                                        ; Off                ; Off                ;
; Synthesis Effort                                                 ; Auto               ; Auto               ;
; Shift Register Replacement - Allow Asynchronous Clear Signal     ; On                 ; On                 ;
; Pre-Mapping Resynthesis Optimization                             ; Off                ; Off                ;
; Analysis & Synthesis Message Level                               ; Medium             ; Medium             ;
; Disable Register Merging Across Hierarchies                      ; Auto               ; Auto               ;
; Resource Aware Inference For Block RAM                           ; On                 ; On                 ;
+------------------------------------------------------------------+--------------------+--------------------+


+------------------------------------------+
; Parallel Compilation                     ;
+----------------------------+-------------+
; Processors                 ; Number      ;
+----------------------------+-------------+
; Number detected on machine ; 12          ;
; Maximum allowed            ; 6           ;
;                            ;             ;
; Average used               ; 1.00        ;
; Maximum used               ; 6           ;
;                            ;             ;
; Usage by Processor         ; % Time Used ;
;     Processor 1            ; 100.0%      ;
;     Processors 2-6         ;   0.0%      ;
+----------------------------+-------------+


+----------------------------------------------------------------------------------------------------------------------------------------------+
; Analysis & Synthesis Source Files Read                                                                                                       ;
+----------------------------------+-----------------+------------------------------+------------------------------------------------+---------+
; File Name with User-Entered Path ; Used in Netlist ; File Type                    ; File Name with Absolute Path                   ; Library ;
+----------------------------------+-----------------+------------------------------+------------------------------------------------+---------+
; src/a_440Hz.sv                   ; yes             ; User SystemVerilog HDL File  ; /home/k-105-01/workspace/march/src/a_440Hz.sv  ;         ;
; src/cH_523Hz.sv                  ; yes             ; User SystemVerilog HDL File  ; /home/k-105-01/workspace/march/src/cH_523Hz.sv ;         ;
; src/eH_659Hz.sv                  ; yes             ; User SystemVerilog HDL File  ; /home/k-105-01/workspace/march/src/eH_659Hz.sv ;         ;
; src/f_349Hz.sv                   ; yes             ; User SystemVerilog HDL File  ; /home/k-105-01/workspace/march/src/f_349Hz.sv  ;         ;
; src/fH_698Hz.sv                  ; yes             ; User SystemVerilog HDL File  ; /home/k-105-01/workspace/march/src/fH_698Hz.sv ;         ;
; src/gS_415Hz.sv                  ; yes             ; User SystemVerilog HDL File  ; /home/k-105-01/workspace/march/src/gS_415Hz.sv ;         ;
; src/song_top.sv                  ; yes             ; User SystemVerilog HDL File  ; /home/k-105-01/workspace/march/src/song_top.sv ;         ;
+----------------------------------+-----------------+------------------------------+------------------------------------------------+---------+


+---------------------------------------------------------------+
; Analysis & Synthesis Resource Usage Summary                   ;
+---------------------------------------------+-----------------+
; Resource                                    ; Usage           ;
+---------------------------------------------+-----------------+
; Estimated Total logic elements              ; 310             ;
;                                             ;                 ;
; Total combinational functions               ; 307             ;
; Logic element usage by number of LUT inputs ;                 ;
;     -- 4 input functions                    ; 128             ;
;     -- 3 input functions                    ; 49              ;
;     -- <=2 input functions                  ; 130             ;
;                                             ;                 ;
; Logic elements by mode                      ;                 ;
;     -- normal mode                          ; 186             ;
;     -- arithmetic mode                      ; 121             ;
;                                             ;                 ;
; Total registers                             ; 179             ;
;     -- Dedicated logic registers            ; 179             ;
;     -- I/O registers                        ; 0               ;
;                                             ;                 ;
; I/O pins                                    ; 3               ;
;                                             ;                 ;
; Embedded Multiplier 9-bit elements          ; 0               ;
;                                             ;                 ;
; Maximum fan-out node                        ; clk_50MHz~input ;
; Maximum fan-out                             ; 179             ;
; Total fan-out                               ; 1305            ;
; Average fan-out                             ; 2.65            ;
+---------------------------------------------+-----------------+


+--------------------------------------------------------------------------------------------------------------------------------------------------------------------------------------------------------------+
; Analysis & Synthesis Resource Utilization by Entity                                                                                                                                                          ;
+----------------------------+---------------------+---------------------------+-------------+--------------+---------+-----------+------+--------------+-------------------------+-------------+--------------+
; Compilation Hierarchy Node ; Combinational ALUTs ; Dedicated Logic Registers ; Memory Bits ; DSP Elements ; DSP 9x9 ; DSP 18x18 ; Pins ; Virtual Pins ; Full Hierarchy Name     ; Entity Name ; Library Name ;
+----------------------------+---------------------+---------------------------+-------------+--------------+---------+-----------+------+--------------+-------------------------+-------------+--------------+
; |song_top                  ; 307 (118)           ; 179 (71)                  ; 0           ; 0            ; 0       ; 0         ; 3    ; 0            ; |song_top               ; song_top    ; work         ;
;    |a_440Hz:t_a|           ; 35 (35)             ; 18 (18)                   ; 0           ; 0            ; 0       ; 0         ; 0    ; 0            ; |song_top|a_440Hz:t_a   ; a_440Hz     ; work         ;
;    |cH_523Hz:t_cH|         ; 33 (33)             ; 18 (18)                   ; 0           ; 0            ; 0       ; 0         ; 0    ; 0            ; |song_top|cH_523Hz:t_cH ; cH_523Hz    ; work         ;
;    |eH_659Hz:t_eH|         ; 29 (29)             ; 18 (18)                   ; 0           ; 0            ; 0       ; 0         ; 0    ; 0            ; |song_top|eH_659Hz:t_eH ; eH_659Hz    ; work         ;
;    |fH_698Hz:t_fH|         ; 31 (31)             ; 17 (17)                   ; 0           ; 0            ; 0       ; 0         ; 0    ; 0            ; |song_top|fH_698Hz:t_fH ; fH_698Hz    ; work         ;
;    |f_349Hz:t_f|           ; 29 (29)             ; 19 (19)                   ; 0           ; 0            ; 0       ; 0         ; 0    ; 0            ; |song_top|f_349Hz:t_f   ; f_349Hz     ; work         ;
;    |gS_415Hz:t_gS|         ; 32 (32)             ; 18 (18)                   ; 0           ; 0            ; 0       ; 0         ; 0    ; 0            ; |song_top|gS_415Hz:t_gS ; gS_415Hz    ; work         ;
+----------------------------+---------------------+---------------------------+-------------+--------------+---------+-----------+------+--------------+-------------------------+-------------+--------------+
Note: For table entries with two numbers listed, the numbers in parentheses indicate the number of resources of the given type used by the specific entity alone. The numbers listed outside of parentheses indicate the total resources of the given type used by the specific entity and all of its sub-entities in the hierarchy.


Encoding Type:  One-Hot
+----------------------------------------------------------------------------------------------------------------------------------------------------------------------------------------------------------------------------------------------------------------------------------------------------------------------------------------------------------------------------------------------------------------------------------------------------------------------------------------------------------------------------------------------------------------------------------------------------------------------------------------------------------------------------------------------------------------------------------------------------------------------------------------------------------------------------------------------------------------------------------------------------------------------------------------------------------------------------------------------------------------------------------------------------------------------------------------------------------------------------------------------------------------------------------------------------------------------------------------------------------------------------------------------------------------------------------------------------------------------------------------------------------------------------------------------------------------------------------------------------------------------------------------------------------------------------+
; State Machine - |song_top|state                                                                                                                                                                                                                                                                                                                                                                                                                                                                                                                                                                                                                                                                                                                                                                                                                                                                                                                                                                                                                                                                                                                                                                                                                                                                                                                                                                                                                                                                                                                                            ;
+----------------------------------------+----------------------------------------+----------------------------------------+----------------------------------------+----------------------------------------+----------------------------------------+----------------------------------------+----------------------------------------+----------------------------------------+----------------------------------------+----------------------------------------+----------------------------------------+----------------------------------------+----------------------------------------+----------------------------------------+----------------------------------------+----------------------------------------+----------------------------------------+----------------------------------------+----------------------------------------+----------------------------------------+----------------------------------------+----------------------------------------+----------------------------------------+----------------------------------------+----------------------------------------+----------------------------------------+----------------------------------------+----------------------------------------+----------------------------------------+----------------------------------------+----------------------------------------+----------------------------------------+----------------------------------------+----------------------------------------+----------------------------------------+----------------------------------------+
; Name                                   ; state.00000000011011100011000100111000 ; state.00000000011011100011000100110111 ; state.00000000011011100011000100110110 ; state.00000000011011100011000100110101 ; state.00000000011011100011000100110100 ; state.00000000011011100011000100110011 ; state.00000000011011100011000100110010 ; state.00000000011011100011000100110001 ; state.00000000011011100011000100110000 ; state.00000000011000100011000100110111 ; state.00000000011000100011000100110110 ; state.00000000011000100011000100110101 ; state.00000000011000100011000100110100 ; state.00000000011000100011000100110011 ; state.00000000011000100011000100110010 ; state.00000000011000100011000100110001 ; state.00000000011000100011000100110000 ; state.00000000000000000110111000111001 ; state.00000000000000000110111000111000 ; state.00000000000000000110111000110111 ; state.00000000000000000110111000110110 ; state.00000000000000000110111000110101 ; state.00000000000000000110111000110100 ; state.00000000000000000110111000110011 ; state.00000000000000000110111000110010 ; state.00000000000000000110111000110001 ; state.00000000000000000110001001101101 ; state.00000000000000000110001000111000 ; state.00000000000000000110001000110111 ; state.00000000000000000110001000110110 ; state.00000000000000000110001000110101 ; state.00000000000000000110001000110100 ; state.00000000000000000110001000110011 ; state.00000000000000000110001000110010 ; state.00000000000000000110001000110001 ; state.01101001011001000110110001100101 ;
+----------------------------------------+----------------------------------------+----------------------------------------+----------------------------------------+----------------------------------------+----------------------------------------+----------------------------------------+----------------------------------------+----------------------------------------+----------------------------------------+----------------------------------------+----------------------------------------+----------------------------------------+----------------------------------------+----------------------------------------+----------------------------------------+----------------------------------------+----------------------------------------+----------------------------------------+----------------------------------------+----------------------------------------+----------------------------------------+----------------------------------------+----------------------------------------+----------------------------------------+----------------------------------------+----------------------------------------+----------------------------------------+----------------------------------------+----------------------------------------+----------------------------------------+----------------------------------------+----------------------------------------+----------------------------------------+----------------------------------------+----------------------------------------+----------------------------------------+
; state.00000000000000000110001000110001 ; 0                                      ; 0                                      ; 0                                      ; 0                                      ; 0                                      ; 0                                      ; 0                                      ; 0                                      ; 0                                      ; 0                                      ; 0                                      ; 0                                      ; 0                                      ; 0                                      ; 0                                      ; 0                                      ; 0                                      ; 0                                      ; 0                                      ; 0                                      ; 0                                      ; 0                                      ; 0                                      ; 0                                      ; 0                                      ; 0                                      ; 0                                      ; 0                                      ; 0                                      ; 0                                      ; 0                                      ; 0                                      ; 0                                      ; 0                                      ; 0                                      ; 0                                      ;
; state.00000000000000000110001000110010 ; 0                                      ; 0                                      ; 0                                      ; 0                                      ; 0                                      ; 0                                      ; 0                                      ; 0                                      ; 0                                      ; 0                                      ; 0                                      ; 0                                      ; 0                                      ; 0                                      ; 0                                      ; 0                                      ; 0                                      ; 0                                      ; 0                                      ; 0                                      ; 0                                      ; 0                                      ; 0                                      ; 0                                      ; 0                                      ; 0                                      ; 0                                      ; 0                                      ; 0                                      ; 0                                      ; 0                                      ; 0                                      ; 0                                      ; 1                                      ; 1                                      ; 0                                      ;
; state.00000000000000000110001000110011 ; 0                                      ; 0                                      ; 0                                      ; 0                                      ; 0                                      ; 0                                      ; 0                                      ; 0                                      ; 0                                      ; 0                                      ; 0                                      ; 0                                      ; 0                                      ; 0                                      ; 0                                      ; 0                                      ; 0                                      ; 0                                      ; 0                                      ; 0                                      ; 0                                      ; 0                                      ; 0                                      ; 0                                      ; 0                                      ; 0                                      ; 0                                      ; 0                                      ; 0                                      ; 0                                      ; 0                                      ; 0                                      ; 1                                      ; 0                                      ; 1                                      ; 0                                      ;
; state.00000000000000000110001000110100 ; 0                                      ; 0                                      ; 0                                      ; 0                                      ; 0                                      ; 0                                      ; 0                                      ; 0                                      ; 0                                      ; 0                                      ; 0                                      ; 0                                      ; 0                                      ; 0                                      ; 0                                      ; 0                                      ; 0                                      ; 0                                      ; 0                                      ; 0                                      ; 0                                      ; 0                                      ; 0                                      ; 0                                      ; 0                                      ; 0                                      ; 0                                      ; 0                                      ; 0                                      ; 0                                      ; 0                                      ; 1                                      ; 0                                      ; 0                                      ; 1                                      ; 0                                      ;
; state.00000000000000000110001000110101 ; 0                                      ; 0                                      ; 0                                      ; 0                                      ; 0                                      ; 0                                      ; 0                                      ; 0                                      ; 0                                      ; 0                                      ; 0                                      ; 0                                      ; 0                                      ; 0                                      ; 0                                      ; 0                                      ; 0                                      ; 0                                      ; 0                                      ; 0                                      ; 0                                      ; 0                                      ; 0                                      ; 0                                      ; 0                                      ; 0                                      ; 0                                      ; 0                                      ; 0                                      ; 0                                      ; 1                                      ; 0                                      ; 0                                      ; 0                                      ; 1                                      ; 0                                      ;
; state.00000000000000000110001000110110 ; 0                                      ; 0                                      ; 0                                      ; 0                                      ; 0                                      ; 0                                      ; 0                                      ; 0                                      ; 0                                      ; 0                                      ; 0                                      ; 0                                      ; 0                                      ; 0                                      ; 0                                      ; 0                                      ; 0                                      ; 0                                      ; 0                                      ; 0                                      ; 0                                      ; 0                                      ; 0                                      ; 0                                      ; 0                                      ; 0                                      ; 0                                      ; 0                                      ; 0                                      ; 1                                      ; 0                                      ; 0                                      ; 0                                      ; 0                                      ; 1                                      ; 0                                      ;
; state.00000000000000000110001000110111 ; 0                                      ; 0                                      ; 0                                      ; 0                                      ; 0                                      ; 0                                      ; 0                                      ; 0                                      ; 0                                      ; 0                                      ; 0                                      ; 0                                      ; 0                                      ; 0                                      ; 0                                      ; 0                                      ; 0                                      ; 0                                      ; 0                                      ; 0                                      ; 0                                      ; 0                                      ; 0                                      ; 0                                      ; 0                                      ; 0                                      ; 0                                      ; 0                                      ; 1                                      ; 0                                      ; 0                                      ; 0                                      ; 0                                      ; 0                                      ; 1                                      ; 0                                      ;
; state.00000000000000000110001000111000 ; 0                                      ; 0                                      ; 0                                      ; 0                                      ; 0                                      ; 0                                      ; 0                                      ; 0                                      ; 0                                      ; 0                                      ; 0                                      ; 0                                      ; 0                                      ; 0                                      ; 0                                      ; 0                                      ; 0                                      ; 0                                      ; 0                                      ; 0                                      ; 0                                      ; 0                                      ; 0                                      ; 0                                      ; 0                                      ; 0                                      ; 0                                      ; 1                                      ; 0                                      ; 0                                      ; 0                                      ; 0                                      ; 0                                      ; 0                                      ; 1                                      ; 0                                      ;
; state.00000000000000000110001001101101 ; 0                                      ; 0                                      ; 0                                      ; 0                                      ; 0                                      ; 0                                      ; 0                                      ; 0                                      ; 0                                      ; 0                                      ; 0                                      ; 0                                      ; 0                                      ; 0                                      ; 0                                      ; 0                                      ; 0                                      ; 0                                      ; 0                                      ; 0                                      ; 0                                      ; 0                                      ; 0                                      ; 0                                      ; 0                                      ; 0                                      ; 1                                      ; 0                                      ; 0                                      ; 0                                      ; 0                                      ; 0                                      ; 0                                      ; 0                                      ; 1                                      ; 0                                      ;
; state.00000000000000000110111000110001 ; 0                                      ; 0                                      ; 0                                      ; 0                                      ; 0                                      ; 0                                      ; 0                                      ; 0                                      ; 0                                      ; 0                                      ; 0                                      ; 0                                      ; 0                                      ; 0                                      ; 0                                      ; 0                                      ; 0                                      ; 0                                      ; 0                                      ; 0                                      ; 0                                      ; 0                                      ; 0                                      ; 0                                      ; 0                                      ; 1                                      ; 0                                      ; 0                                      ; 0                                      ; 0                                      ; 0                                      ; 0                                      ; 0                                      ; 0                                      ; 1                                      ; 0                                      ;
; state.00000000000000000110111000110010 ; 0                                      ; 0                                      ; 0                                      ; 0                                      ; 0                                      ; 0                                      ; 0                                      ; 0                                      ; 0                                      ; 0                                      ; 0                                      ; 0                                      ; 0                                      ; 0                                      ; 0                                      ; 0                                      ; 0                                      ; 0                                      ; 0                                      ; 0                                      ; 0                                      ; 0                                      ; 0                                      ; 0                                      ; 1                                      ; 0                                      ; 0                                      ; 0                                      ; 0                                      ; 0                                      ; 0                                      ; 0                                      ; 0                                      ; 0                                      ; 1                                      ; 0                                      ;
; state.00000000000000000110111000110011 ; 0                                      ; 0                                      ; 0                                      ; 0                                      ; 0                                      ; 0                                      ; 0                                      ; 0                                      ; 0                                      ; 0                                      ; 0                                      ; 0                                      ; 0                                      ; 0                                      ; 0                                      ; 0                                      ; 0                                      ; 0                                      ; 0                                      ; 0                                      ; 0                                      ; 0                                      ; 0                                      ; 1                                      ; 0                                      ; 0                                      ; 0                                      ; 0                                      ; 0                                      ; 0                                      ; 0                                      ; 0                                      ; 0                                      ; 0                                      ; 1                                      ; 0                                      ;
; state.00000000000000000110111000110100 ; 0                                      ; 0                                      ; 0                                      ; 0                                      ; 0                                      ; 0                                      ; 0                                      ; 0                                      ; 0                                      ; 0                                      ; 0                                      ; 0                                      ; 0                                      ; 0                                      ; 0                                      ; 0                                      ; 0                                      ; 0                                      ; 0                                      ; 0                                      ; 0                                      ; 0                                      ; 1                                      ; 0                                      ; 0                                      ; 0                                      ; 0                                      ; 0                                      ; 0                                      ; 0                                      ; 0                                      ; 0                                      ; 0                                      ; 0                                      ; 1                                      ; 0                                      ;
; state.00000000000000000110111000110101 ; 0                                      ; 0                                      ; 0                                      ; 0                                      ; 0                                      ; 0                                      ; 0                                      ; 0                                      ; 0                                      ; 0                                      ; 0                                      ; 0                                      ; 0                                      ; 0                                      ; 0                                      ; 0                                      ; 0                                      ; 0                                      ; 0                                      ; 0                                      ; 0                                      ; 1                                      ; 0                                      ; 0                                      ; 0                                      ; 0                                      ; 0                                      ; 0                                      ; 0                                      ; 0                                      ; 0                                      ; 0                                      ; 0                                      ; 0                                      ; 1                                      ; 0                                      ;
; state.00000000000000000110111000110110 ; 0                                      ; 0                                      ; 0                                      ; 0                                      ; 0                                      ; 0                                      ; 0                                      ; 0                                      ; 0                                      ; 0                                      ; 0                                      ; 0                                      ; 0                                      ; 0                                      ; 0                                      ; 0                                      ; 0                                      ; 0                                      ; 0                                      ; 0                                      ; 1                                      ; 0                                      ; 0                                      ; 0                                      ; 0                                      ; 0                                      ; 0                                      ; 0                                      ; 0                                      ; 0                                      ; 0                                      ; 0                                      ; 0                                      ; 0                                      ; 1                                      ; 0                                      ;
; state.00000000000000000110111000110111 ; 0                                      ; 0                                      ; 0                                      ; 0                                      ; 0                                      ; 0                                      ; 0                                      ; 0                                      ; 0                                      ; 0                                      ; 0                                      ; 0                                      ; 0                                      ; 0                                      ; 0                                      ; 0                                      ; 0                                      ; 0                                      ; 0                                      ; 1                                      ; 0                                      ; 0                                      ; 0                                      ; 0                                      ; 0                                      ; 0                                      ; 0                                      ; 0                                      ; 0                                      ; 0                                      ; 0                                      ; 0                                      ; 0                                      ; 0                                      ; 1                                      ; 0                                      ;
; state.00000000000000000110111000111000 ; 0                                      ; 0                                      ; 0                                      ; 0                                      ; 0                                      ; 0                                      ; 0                                      ; 0                                      ; 0                                      ; 0                                      ; 0                                      ; 0                                      ; 0                                      ; 0                                      ; 0                                      ; 0                                      ; 0                                      ; 0                                      ; 1                                      ; 0                                      ; 0                                      ; 0                                      ; 0                                      ; 0                                      ; 0                                      ; 0                                      ; 0                                      ; 0                                      ; 0                                      ; 0                                      ; 0                                      ; 0                                      ; 0                                      ; 0                                      ; 1                                      ; 0                                      ;
; state.00000000000000000110111000111001 ; 0                                      ; 0                                      ; 0                                      ; 0                                      ; 0                                      ; 0                                      ; 0                                      ; 0                                      ; 0                                      ; 0                                      ; 0                                      ; 0                                      ; 0                                      ; 0                                      ; 0                                      ; 0                                      ; 0                                      ; 1                                      ; 0                                      ; 0                                      ; 0                                      ; 0                                      ; 0                                      ; 0                                      ; 0                                      ; 0                                      ; 0                                      ; 0                                      ; 0                                      ; 0                                      ; 0                                      ; 0                                      ; 0                                      ; 0                                      ; 1                                      ; 0                                      ;
; state.00000000011000100011000100110000 ; 0                                      ; 0                                      ; 0                                      ; 0                                      ; 0                                      ; 0                                      ; 0                                      ; 0                                      ; 0                                      ; 0                                      ; 0                                      ; 0                                      ; 0                                      ; 0                                      ; 0                                      ; 0                                      ; 1                                      ; 0                                      ; 0                                      ; 0                                      ; 0                                      ; 0                                      ; 0                                      ; 0                                      ; 0                                      ; 0                                      ; 0                                      ; 0                                      ; 0                                      ; 0                                      ; 0                                      ; 0                                      ; 0                                      ; 0                                      ; 1                                      ; 0                                      ;
; state.00000000011000100011000100110001 ; 0                                      ; 0                                      ; 0                                      ; 0                                      ; 0                                      ; 0                                      ; 0                                      ; 0                                      ; 0                                      ; 0                                      ; 0                                      ; 0                                      ; 0                                      ; 0                                      ; 0                                      ; 1                                      ; 0                                      ; 0                                      ; 0                                      ; 0                                      ; 0                                      ; 0                                      ; 0                                      ; 0                                      ; 0                                      ; 0                                      ; 0                                      ; 0                                      ; 0                                      ; 0                                      ; 0                                      ; 0                                      ; 0                                      ; 0                                      ; 1                                      ; 0                                      ;
; state.00000000011000100011000100110010 ; 0                                      ; 0                                      ; 0                                      ; 0                                      ; 0                                      ; 0                                      ; 0                                      ; 0                                      ; 0                                      ; 0                                      ; 0                                      ; 0                                      ; 0                                      ; 0                                      ; 1                                      ; 0                                      ; 0                                      ; 0                                      ; 0                                      ; 0                                      ; 0                                      ; 0                                      ; 0                                      ; 0                                      ; 0                                      ; 0                                      ; 0                                      ; 0                                      ; 0                                      ; 0                                      ; 0                                      ; 0                                      ; 0                                      ; 0                                      ; 1                                      ; 0                                      ;
; state.00000000011000100011000100110011 ; 0                                      ; 0                                      ; 0                                      ; 0                                      ; 0                                      ; 0                                      ; 0                                      ; 0                                      ; 0                                      ; 0                                      ; 0                                      ; 0                                      ; 0                                      ; 1                                      ; 0                                      ; 0                                      ; 0                                      ; 0                                      ; 0                                      ; 0                                      ; 0                                      ; 0                                      ; 0                                      ; 0                                      ; 0                                      ; 0                                      ; 0                                      ; 0                                      ; 0                                      ; 0                                      ; 0                                      ; 0                                      ; 0                                      ; 0                                      ; 1                                      ; 0                                      ;
; state.00000000011000100011000100110100 ; 0                                      ; 0                                      ; 0                                      ; 0                                      ; 0                                      ; 0                                      ; 0                                      ; 0                                      ; 0                                      ; 0                                      ; 0                                      ; 0                                      ; 1                                      ; 0                                      ; 0                                      ; 0                                      ; 0                                      ; 0                                      ; 0                                      ; 0                                      ; 0                                      ; 0                                      ; 0                                      ; 0                                      ; 0                                      ; 0                                      ; 0                                      ; 0                                      ; 0                                      ; 0                                      ; 0                                      ; 0                                      ; 0                                      ; 0                                      ; 1                                      ; 0                                      ;
; state.00000000011000100011000100110101 ; 0                                      ; 0                                      ; 0                                      ; 0                                      ; 0                                      ; 0                                      ; 0                                      ; 0                                      ; 0                                      ; 0                                      ; 0                                      ; 1                                      ; 0                                      ; 0                                      ; 0                                      ; 0                                      ; 0                                      ; 0                                      ; 0                                      ; 0                                      ; 0                                      ; 0                                      ; 0                                      ; 0                                      ; 0                                      ; 0                                      ; 0                                      ; 0                                      ; 0                                      ; 0                                      ; 0                                      ; 0                                      ; 0                                      ; 0                                      ; 1                                      ; 0                                      ;
; state.00000000011000100011000100110110 ; 0                                      ; 0                                      ; 0                                      ; 0                                      ; 0                                      ; 0                                      ; 0                                      ; 0                                      ; 0                                      ; 0                                      ; 1                                      ; 0                                      ; 0                                      ; 0                                      ; 0                                      ; 0                                      ; 0                                      ; 0                                      ; 0                                      ; 0                                      ; 0                                      ; 0                                      ; 0                                      ; 0                                      ; 0                                      ; 0                                      ; 0                                      ; 0                                      ; 0                                      ; 0                                      ; 0                                      ; 0                                      ; 0                                      ; 0                                      ; 1                                      ; 0                                      ;
; state.00000000011000100011000100110111 ; 0                                      ; 0                                      ; 0                                      ; 0                                      ; 0                                      ; 0                                      ; 0                                      ; 0                                      ; 0                                      ; 1                                      ; 0                                      ; 0                                      ; 0                                      ; 0                                      ; 0                                      ; 0                                      ; 0                                      ; 0                                      ; 0                                      ; 0                                      ; 0                                      ; 0                                      ; 0                                      ; 0                                      ; 0                                      ; 0                                      ; 0                                      ; 0                                      ; 0                                      ; 0                                      ; 0                                      ; 0                                      ; 0                                      ; 0                                      ; 1                                      ; 0                                      ;
; state.00000000011011100011000100110000 ; 0                                      ; 0                                      ; 0                                      ; 0                                      ; 0                                      ; 0                                      ; 0                                      ; 0                                      ; 1                                      ; 0                                      ; 0                                      ; 0                                      ; 0                                      ; 0                                      ; 0                                      ; 0                                      ; 0                                      ; 0                                      ; 0                                      ; 0                                      ; 0                                      ; 0                                      ; 0                                      ; 0                                      ; 0                                      ; 0                                      ; 0                                      ; 0                                      ; 0                                      ; 0                                      ; 0                                      ; 0                                      ; 0                                      ; 0                                      ; 1                                      ; 0                                      ;
; state.00000000011011100011000100110001 ; 0                                      ; 0                                      ; 0                                      ; 0                                      ; 0                                      ; 0                                      ; 0                                      ; 1                                      ; 0                                      ; 0                                      ; 0                                      ; 0                                      ; 0                                      ; 0                                      ; 0                                      ; 0                                      ; 0                                      ; 0                                      ; 0                                      ; 0                                      ; 0                                      ; 0                                      ; 0                                      ; 0                                      ; 0                                      ; 0                                      ; 0                                      ; 0                                      ; 0                                      ; 0                                      ; 0                                      ; 0                                      ; 0                                      ; 0                                      ; 1                                      ; 0                                      ;
; state.00000000011011100011000100110010 ; 0                                      ; 0                                      ; 0                                      ; 0                                      ; 0                                      ; 0                                      ; 1                                      ; 0                                      ; 0                                      ; 0                                      ; 0                                      ; 0                                      ; 0                                      ; 0                                      ; 0                                      ; 0                                      ; 0                                      ; 0                                      ; 0                                      ; 0                                      ; 0                                      ; 0                                      ; 0                                      ; 0                                      ; 0                                      ; 0                                      ; 0                                      ; 0                                      ; 0                                      ; 0                                      ; 0                                      ; 0                                      ; 0                                      ; 0                                      ; 1                                      ; 0                                      ;
; state.00000000011011100011000100110011 ; 0                                      ; 0                                      ; 0                                      ; 0                                      ; 0                                      ; 1                                      ; 0                                      ; 0                                      ; 0                                      ; 0                                      ; 0                                      ; 0                                      ; 0                                      ; 0                                      ; 0                                      ; 0                                      ; 0                                      ; 0                                      ; 0                                      ; 0                                      ; 0                                      ; 0                                      ; 0                                      ; 0                                      ; 0                                      ; 0                                      ; 0                                      ; 0                                      ; 0                                      ; 0                                      ; 0                                      ; 0                                      ; 0                                      ; 0                                      ; 1                                      ; 0                                      ;
; state.00000000011011100011000100110100 ; 0                                      ; 0                                      ; 0                                      ; 0                                      ; 1                                      ; 0                                      ; 0                                      ; 0                                      ; 0                                      ; 0                                      ; 0                                      ; 0                                      ; 0                                      ; 0                                      ; 0                                      ; 0                                      ; 0                                      ; 0                                      ; 0                                      ; 0                                      ; 0                                      ; 0                                      ; 0                                      ; 0                                      ; 0                                      ; 0                                      ; 0                                      ; 0                                      ; 0                                      ; 0                                      ; 0                                      ; 0                                      ; 0                                      ; 0                                      ; 1                                      ; 0                                      ;
; state.00000000011011100011000100110101 ; 0                                      ; 0                                      ; 0                                      ; 1                                      ; 0                                      ; 0                                      ; 0                                      ; 0                                      ; 0                                      ; 0                                      ; 0                                      ; 0                                      ; 0                                      ; 0                                      ; 0                                      ; 0                                      ; 0                                      ; 0                                      ; 0                                      ; 0                                      ; 0                                      ; 0                                      ; 0                                      ; 0                                      ; 0                                      ; 0                                      ; 0                                      ; 0                                      ; 0                                      ; 0                                      ; 0                                      ; 0                                      ; 0                                      ; 0                                      ; 1                                      ; 0                                      ;
; state.00000000011011100011000100110110 ; 0                                      ; 0                                      ; 1                                      ; 0                                      ; 0                                      ; 0                                      ; 0                                      ; 0                                      ; 0                                      ; 0                                      ; 0                                      ; 0                                      ; 0                                      ; 0                                      ; 0                                      ; 0                                      ; 0                                      ; 0                                      ; 0                                      ; 0                                      ; 0                                      ; 0                                      ; 0                                      ; 0                                      ; 0                                      ; 0                                      ; 0                                      ; 0                                      ; 0                                      ; 0                                      ; 0                                      ; 0                                      ; 0                                      ; 0                                      ; 1                                      ; 0                                      ;
; state.00000000011011100011000100110111 ; 0                                      ; 1                                      ; 0                                      ; 0                                      ; 0                                      ; 0                                      ; 0                                      ; 0                                      ; 0                                      ; 0                                      ; 0                                      ; 0                                      ; 0                                      ; 0                                      ; 0                                      ; 0                                      ; 0                                      ; 0                                      ; 0                                      ; 0                                      ; 0                                      ; 0                                      ; 0                                      ; 0                                      ; 0                                      ; 0                                      ; 0                                      ; 0                                      ; 0                                      ; 0                                      ; 0                                      ; 0                                      ; 0                                      ; 0                                      ; 1                                      ; 0                                      ;
; state.00000000011011100011000100111000 ; 1                                      ; 0                                      ; 0                                      ; 0                                      ; 0                                      ; 0                                      ; 0                                      ; 0                                      ; 0                                      ; 0                                      ; 0                                      ; 0                                      ; 0                                      ; 0                                      ; 0                                      ; 0                                      ; 0                                      ; 0                                      ; 0                                      ; 0                                      ; 0                                      ; 0                                      ; 0                                      ; 0                                      ; 0                                      ; 0                                      ; 0                                      ; 0                                      ; 0                                      ; 0                                      ; 0                                      ; 0                                      ; 0                                      ; 0                                      ; 1                                      ; 0                                      ;
; state.01101001011001000110110001100101 ; 0                                      ; 0                                      ; 0                                      ; 0                                      ; 0                                      ; 0                                      ; 0                                      ; 0                                      ; 0                                      ; 0                                      ; 0                                      ; 0                                      ; 0                                      ; 0                                      ; 0                                      ; 0                                      ; 0                                      ; 0                                      ; 0                                      ; 0                                      ; 0                                      ; 0                                      ; 0                                      ; 0                                      ; 0                                      ; 0                                      ; 0                                      ; 0                                      ; 0                                      ; 0                                      ; 0                                      ; 0                                      ; 0                                      ; 0                                      ; 1                                      ; 1                                      ;
+----------------------------------------+----------------------------------------+----------------------------------------+----------------------------------------+----------------------------------------+----------------------------------------+----------------------------------------+----------------------------------------+----------------------------------------+----------------------------------------+----------------------------------------+----------------------------------------+----------------------------------------+----------------------------------------+----------------------------------------+----------------------------------------+----------------------------------------+----------------------------------------+----------------------------------------+----------------------------------------+----------------------------------------+----------------------------------------+----------------------------------------+----------------------------------------+----------------------------------------+----------------------------------------+----------------------------------------+----------------------------------------+----------------------------------------+----------------------------------------+----------------------------------------+----------------------------------------+----------------------------------------+----------------------------------------+----------------------------------------+----------------------------------------+----------------------------------------+


+---------------------------------------------------------------------------------+
; Registers Removed During Synthesis                                              ;
+----------------------------------------+----------------------------------------+
; Register name                          ; Reason for Removal                     ;
+----------------------------------------+----------------------------------------+
; state~38                               ; Lost fanout                            ;
; state~39                               ; Lost fanout                            ;
; state~40                               ; Lost fanout                            ;
; state~41                               ; Lost fanout                            ;
; state~42                               ; Lost fanout                            ;
; state~43                               ; Lost fanout                            ;
; state~44                               ; Lost fanout                            ;
; state~45                               ; Lost fanout                            ;
; state~46                               ; Lost fanout                            ;
; state~47                               ; Lost fanout                            ;
; state~48                               ; Lost fanout                            ;
; state~49                               ; Lost fanout                            ;
; state~50                               ; Lost fanout                            ;
; state~51                               ; Lost fanout                            ;
; state~52                               ; Lost fanout                            ;
; state~53                               ; Lost fanout                            ;
; state~54                               ; Lost fanout                            ;
; state~55                               ; Lost fanout                            ;
; state~56                               ; Lost fanout                            ;
; state~57                               ; Lost fanout                            ;
; state~58                               ; Lost fanout                            ;
; state~59                               ; Lost fanout                            ;
; state~60                               ; Lost fanout                            ;
; state~61                               ; Lost fanout                            ;
; state~63                               ; Lost fanout                            ;
; state~64                               ; Lost fanout                            ;
; state~65                               ; Lost fanout                            ;
; state~66                               ; Lost fanout                            ;
; state~67                               ; Lost fanout                            ;
; state~68                               ; Lost fanout                            ;
; state~69                               ; Lost fanout                            ;
; gS_415Hz:t_gS|r_counter[0]             ; Merged with cH_523Hz:t_cH|r_counter[0] ;
; fH_698Hz:t_fH|r_counter[0]             ; Merged with cH_523Hz:t_cH|r_counter[0] ;
; Total Number of Removed Registers = 33 ;                                        ;
+----------------------------------------+----------------------------------------+


+------------------------------------------------------+
; General Register Statistics                          ;
+----------------------------------------------+-------+
; Statistic                                    ; Value ;
+----------------------------------------------+-------+
; Total registers                              ; 179   ;
; Number of registers using Synchronous Clear  ; 31    ;
; Number of registers using Synchronous Load   ; 0     ;
; Number of registers using Asynchronous Clear ; 0     ;
; Number of registers using Asynchronous Load  ; 0     ;
; Number of registers using Clock Enable       ; 0     ;
; Number of registers using Preset             ; 0     ;
+----------------------------------------------+-------+


+--------------------------------------------------------------------------+
; Parameter Settings for User Entity Instance: Top-level Entity: |song_top ;
+----------------+----------+----------------------------------------------+
; Parameter Name ; Value    ; Type                                         ;
+----------------+----------+----------------------------------------------+
; CLK_FREQ       ; 50000000 ; Signed Integer                               ;
; D_250ms        ; 25000000 ; Signed Integer                               ;
; D_175ms        ; 17500000 ; Signed Integer                               ;
; D_75ms         ; 7500000  ; Signed Integer                               ;
; D_325ms        ; 32500000 ; Signed Integer                               ;
; D_break        ; 5000000  ; Signed Integer                               ;
+----------------+----------+----------------------------------------------+
Note: In order to hide this table in the UI and the text report file, please set the "Show Parameter Settings in Synthesis Report" option in "Analysis and Synthesis Settings -> More Settings" to "Off".


+-----------------------------------------------------+
; Post-Synthesis Netlist Statistics for Top Partition ;
+-----------------------+-----------------------------+
; Type                  ; Count                       ;
+-----------------------+-----------------------------+
; boundary_port         ; 3                           ;
; cycloneiii_ff         ; 179                         ;
;     SCLR              ; 31                          ;
;     plain             ; 148                         ;
; cycloneiii_lcell_comb ; 307                         ;
;     arith             ; 121                         ;
;         2 data inputs ; 119                         ;
;         3 data inputs ; 2                           ;
;     normal            ; 186                         ;
;         1 data inputs ; 7                           ;
;         2 data inputs ; 4                           ;
;         3 data inputs ; 47                          ;
;         4 data inputs ; 128                         ;
;                       ;                             ;
; Max LUT depth         ; 5.00                        ;
; Average LUT depth     ; 2.90                        ;
+-----------------------+-----------------------------+


+-------------------------------+
; Elapsed Time Per Partition    ;
+----------------+--------------+
; Partition Name ; Elapsed Time ;
+----------------+--------------+
; Top            ; 00:00:00     ;
+----------------+--------------+


+-------------------------------+
; Analysis & Synthesis Messages ;
+-------------------------------+
Info: *******************************************************************
Info: Running Quartus Prime Analysis & Synthesis
    Info: Version 20.1.1 Build 720 11/11/2020 SJ Lite Edition
    Info: Processing started: Tue Oct 24 12:36:03 2023
Info: Command: quartus_map --read_settings_files=on --write_settings_files=off march -c march
Warning (18236): Number of processors has not been specified which may cause overloading on shared machines.  Set the global assignment NUM_PARALLEL_PROCESSORS in your QSF to an appropriate value for best performance.
Info (20030): Parallel compilation is enabled and will use 6 of the 6 processors detected
Info (12021): Found 1 design units, including 1 entities, in source file src/a_440Hz.sv
    Info (12023): Found entity 1: a_440Hz File: /home/k-105-01/workspace/march/src/a_440Hz.sv Line: 1
Info (12021): Found 1 design units, including 1 entities, in source file src/cH_523Hz.sv
    Info (12023): Found entity 1: cH_523Hz File: /home/k-105-01/workspace/march/src/cH_523Hz.sv Line: 1
Info (12021): Found 1 design units, including 1 entities, in source file src/eH_659Hz.sv
    Info (12023): Found entity 1: eH_659Hz File: /home/k-105-01/workspace/march/src/eH_659Hz.sv Line: 1
Info (12021): Found 1 design units, including 1 entities, in source file src/f_349Hz.sv
    Info (12023): Found entity 1: f_349Hz File: /home/k-105-01/workspace/march/src/f_349Hz.sv Line: 1
Info (12021): Found 1 design units, including 1 entities, in source file src/fH_698Hz.sv
    Info (12023): Found entity 1: fH_698Hz File: /home/k-105-01/workspace/march/src/fH_698Hz.sv Line: 1
Info (12021): Found 1 design units, including 1 entities, in source file src/gS_415Hz.sv
    Info (12023): Found entity 1: gS_415Hz File: /home/k-105-01/workspace/march/src/gS_415Hz.sv Line: 1
Info (12021): Found 1 design units, including 1 entities, in source file src/song_top.sv
    Info (12023): Found entity 1: song_top File: /home/k-105-01/workspace/march/src/song_top.sv Line: 1
Warning (10236): Verilog HDL Implicit Net warning at song_top.sv(15): created implicit net for "w_play" File: /home/k-105-01/workspace/march/src/song_top.sv Line: 15
Info (12127): Elaborating entity "song_top" for the top level hierarchy
Warning (10230): Verilog HDL assignment warning at song_top.sv(62): truncated value with size 32 to match size of target (26) File: /home/k-105-01/workspace/march/src/song_top.sv Line: 62
Warning (10230): Verilog HDL assignment warning at song_top.sv(337): truncated value with size 32 to match size of target (1) File: /home/k-105-01/workspace/march/src/song_top.sv Line: 337
Info (12128): Elaborating entity "a_440Hz" for hierarchy "a_440Hz:t_a" File: /home/k-105-01/workspace/march/src/song_top.sv Line: 21
Warning (10230): Verilog HDL assignment warning at a_440Hz.sv(15): truncated value with size 32 to match size of target (17) File: /home/k-105-01/workspace/march/src/a_440Hz.sv Line: 15
Info (12128): Elaborating entity "cH_523Hz" for hierarchy "cH_523Hz:t_cH" File: /home/k-105-01/workspace/march/src/song_top.sv Line: 22
Warning (10230): Verilog HDL assignment warning at cH_523Hz.sv(15): truncated value with size 32 to match size of target (17) File: /home/k-105-01/workspace/march/src/cH_523Hz.sv Line: 15
Info (12128): Elaborating entity "eH_659Hz" for hierarchy "eH_659Hz:t_eH" File: /home/k-105-01/workspace/march/src/song_top.sv Line: 23
Warning (10230): Verilog HDL assignment warning at eH_659Hz.sv(15): truncated value with size 32 to match size of target (17) File: /home/k-105-01/workspace/march/src/eH_659Hz.sv Line: 15
Info (12128): Elaborating entity "fH_698Hz" for hierarchy "fH_698Hz:t_fH" File: /home/k-105-01/workspace/march/src/song_top.sv Line: 24
Warning (10230): Verilog HDL assignment warning at fH_698Hz.sv(15): truncated value with size 32 to match size of target (17) File: /home/k-105-01/workspace/march/src/fH_698Hz.sv Line: 15
Info (12128): Elaborating entity "f_349Hz" for hierarchy "f_349Hz:t_f" File: /home/k-105-01/workspace/march/src/song_top.sv Line: 25
Warning (10230): Verilog HDL assignment warning at f_349Hz.sv(15): truncated value with size 32 to match size of target (18) File: /home/k-105-01/workspace/march/src/f_349Hz.sv Line: 15
Info (12128): Elaborating entity "gS_415Hz" for hierarchy "gS_415Hz:t_gS" File: /home/k-105-01/workspace/march/src/song_top.sv Line: 26
Warning (10230): Verilog HDL assignment warning at gS_415Hz.sv(15): truncated value with size 32 to match size of target (18) File: /home/k-105-01/workspace/march/src/gS_415Hz.sv Line: 15
Info (286030): Timing-Driven Synthesis is running
Info (17049): 31 registers lost all their fanouts during netlist optimizations.
Info (16010): Generating hard_block partition "hard_block:auto_generated_inst"
    Info (16011): Adding 0 node(s), including 0 DDIO, 0 PLL, 0 transceiver and 0 LCELL
Info (21057): Implemented 313 device resources after synthesis - the final resource count might be different
    Info (21058): Implemented 2 input pins
    Info (21059): Implemented 1 output pins
    Info (21061): Implemented 310 logic cells
Info: Quartus Prime Analysis & Synthesis was successful. 0 errors, 10 warnings
    Info: Peak virtual memory: 427 megabytes
    Info: Processing ended: Tue Oct 24 12:36:08 2023
    Info: Elapsed time: 00:00:05
    Info: Total CPU time (on all processors): 00:00:12


