Analysis & Synthesis report for hw4
Mon Nov 20 13:12:23 2023
Quartus Prime Version 20.1.1 Build 720 11/11/2020 SJ Lite Edition


---------------------
; Table of Contents ;
---------------------
  1. Legal Notice
  2. Analysis & Synthesis Summary
  3. Analysis & Synthesis Settings
  4. Parallel Compilation
  5. Analysis & Synthesis Source Files Read
  6. Analysis & Synthesis Resource Usage Summary
  7. Analysis & Synthesis Resource Utilization by Entity
  8. State Machine - |top_gen_overlapped|gen_overlapped:UUT|mealy_overlapped:U5|state
  9. State Machine - |top_gen_overlapped|gen_overlapped:UUT|moore_overlapped:U4|state
 10. Registers Removed During Synthesis
 11. General Register Statistics
 12. Post-Synthesis Netlist Statistics for Top Partition
 13. Elapsed Time Per Partition
 14. Analysis & Synthesis Messages



----------------
; Legal Notice ;
----------------
Copyright (C) 2020  Intel Corporation. All rights reserved.
Your use of Intel Corporation's design tools, logic functions 
and other software and tools, and any partner logic 
functions, and any output files from any of the foregoing 
(including device programming or simulation files), and any 
associated documentation or information are expressly subject 
to the terms and conditions of the Intel Program License 
Subscription Agreement, the Intel Quartus Prime License Agreement,
the Intel FPGA IP License Agreement, or other applicable license
agreement, including, without limitation, that your use is for
the sole purpose of programming logic devices manufactured by
Intel and sold by Intel or its authorized distributors.  Please
refer to the applicable agreement for further details, at
https://fpgasoftware.intel.com/eula.



+----------------------------------------------------------------------------------+
; Analysis & Synthesis Summary                                                     ;
+------------------------------------+---------------------------------------------+
; Analysis & Synthesis Status        ; Successful - Mon Nov 20 13:12:23 2023       ;
; Quartus Prime Version              ; 20.1.1 Build 720 11/11/2020 SJ Lite Edition ;
; Revision Name                      ; hw4                                         ;
; Top-level Entity Name              ; top_gen_overlapped                          ;
; Family                             ; Cyclone IV E                                ;
; Total logic elements               ; 160                                         ;
;     Total combinational functions  ; 160                                         ;
;     Dedicated logic registers      ; 60                                          ;
; Total registers                    ; 60                                          ;
; Total pins                         ; 52                                          ;
; Total virtual pins                 ; 0                                           ;
; Total memory bits                  ; 0                                           ;
; Embedded Multiplier 9-bit elements ; 0                                           ;
; Total PLLs                         ; 0                                           ;
+------------------------------------+---------------------------------------------+


+------------------------------------------------------------------------------------------------------------+
; Analysis & Synthesis Settings                                                                              ;
+------------------------------------------------------------------+--------------------+--------------------+
; Option                                                           ; Setting            ; Default Value      ;
+------------------------------------------------------------------+--------------------+--------------------+
; Device                                                           ; EP4CE6E22C8        ;                    ;
; Top-level entity name                                            ; top_gen_overlapped ; hw4                ;
; Family name                                                      ; Cyclone IV E       ; Cyclone V          ;
; Use smart compilation                                            ; Off                ; Off                ;
; Enable parallel Assembler and Timing Analyzer during compilation ; On                 ; On                 ;
; Enable compact report table                                      ; Off                ; Off                ;
; Restructure Multiplexers                                         ; Auto               ; Auto               ;
; Create Debugging Nodes for IP Cores                              ; Off                ; Off                ;
; Preserve fewer node names                                        ; On                 ; On                 ;
; Intel FPGA IP Evaluation Mode                                    ; Enable             ; Enable             ;
; Verilog Version                                                  ; Verilog_2001       ; Verilog_2001       ;
; VHDL Version                                                     ; VHDL_1993          ; VHDL_1993          ;
; State Machine Processing                                         ; Auto               ; Auto               ;
; Safe State Machine                                               ; Off                ; Off                ;
; Extract Verilog State Machines                                   ; On                 ; On                 ;
; Extract VHDL State Machines                                      ; On                 ; On                 ;
; Ignore Verilog initial constructs                                ; Off                ; Off                ;
; Iteration limit for constant Verilog loops                       ; 5000               ; 5000               ;
; Iteration limit for non-constant Verilog loops                   ; 250                ; 250                ;
; Add Pass-Through Logic to Inferred RAMs                          ; On                 ; On                 ;
; Infer RAMs from Raw Logic                                        ; On                 ; On                 ;
; Parallel Synthesis                                               ; On                 ; On                 ;
; DSP Block Balancing                                              ; Auto               ; Auto               ;
; NOT Gate Push-Back                                               ; On                 ; On                 ;
; Power-Up Don't Care                                              ; On                 ; On                 ;
; Remove Redundant Logic Cells                                     ; Off                ; Off                ;
; Remove Duplicate Registers                                       ; On                 ; On                 ;
; Ignore CARRY Buffers                                             ; Off                ; Off                ;
; Ignore CASCADE Buffers                                           ; Off                ; Off                ;
; Ignore GLOBAL Buffers                                            ; Off                ; Off                ;
; Ignore ROW GLOBAL Buffers                                        ; Off                ; Off                ;
; Ignore LCELL Buffers                                             ; Off                ; Off                ;
; Ignore SOFT Buffers                                              ; On                 ; On                 ;
; Limit AHDL Integers to 32 Bits                                   ; Off                ; Off                ;
; Optimization Technique                                           ; Balanced           ; Balanced           ;
; Carry Chain Length                                               ; 70                 ; 70                 ;
; Auto Carry Chains                                                ; On                 ; On                 ;
; Auto Open-Drain Pins                                             ; On                 ; On                 ;
; Perform WYSIWYG Primitive Resynthesis                            ; Off                ; Off                ;
; Auto ROM Replacement                                             ; On                 ; On                 ;
; Auto RAM Replacement                                             ; On                 ; On                 ;
; Auto DSP Block Replacement                                       ; On                 ; On                 ;
; Auto Shift Register Replacement                                  ; Auto               ; Auto               ;
; Allow Shift Register Merging across Hierarchies                  ; Auto               ; Auto               ;
; Auto Clock Enable Replacement                                    ; On                 ; On                 ;
; Strict RAM Replacement                                           ; Off                ; Off                ;
; Allow Synchronous Control Signals                                ; On                 ; On                 ;
; Force Use of Synchronous Clear Signals                           ; Off                ; Off                ;
; Auto RAM Block Balancing                                         ; On                 ; On                 ;
; Auto RAM to Logic Cell Conversion                                ; Off                ; Off                ;
; Auto Resource Sharing                                            ; Off                ; Off                ;
; Allow Any RAM Size For Recognition                               ; Off                ; Off                ;
; Allow Any ROM Size For Recognition                               ; Off                ; Off                ;
; Allow Any Shift Register Size For Recognition                    ; Off                ; Off                ;
; Use LogicLock Constraints during Resource Balancing              ; On                 ; On                 ;
; Ignore translate_off and synthesis_off directives                ; Off                ; Off                ;
; Timing-Driven Synthesis                                          ; On                 ; On                 ;
; Report Parameter Settings                                        ; On                 ; On                 ;
; Report Source Assignments                                        ; On                 ; On                 ;
; Report Connectivity Checks                                       ; On                 ; On                 ;
; Ignore Maximum Fan-Out Assignments                               ; Off                ; Off                ;
; Synchronization Register Chain Length                            ; 2                  ; 2                  ;
; Power Optimization During Synthesis                              ; Normal compilation ; Normal compilation ;
; HDL message level                                                ; Level2             ; Level2             ;
; Suppress Register Optimization Related Messages                  ; Off                ; Off                ;
; Number of Removed Registers Reported in Synthesis Report         ; 5000               ; 5000               ;
; Number of Swept Nodes Reported in Synthesis Report               ; 5000               ; 5000               ;
; Number of Inverted Registers Reported in Synthesis Report        ; 100                ; 100                ;
; Clock MUX Protection                                             ; On                 ; On                 ;
; Auto Gated Clock Conversion                                      ; Off                ; Off                ;
; Block Design Naming                                              ; Auto               ; Auto               ;
; SDC constraint protection                                        ; Off                ; Off                ;
; Synthesis Effort                                                 ; Auto               ; Auto               ;
; Shift Register Replacement - Allow Asynchronous Clear Signal     ; On                 ; On                 ;
; Pre-Mapping Resynthesis Optimization                             ; Off                ; Off                ;
; Analysis & Synthesis Message Level                               ; Medium             ; Medium             ;
; Disable Register Merging Across Hierarchies                      ; Auto               ; Auto               ;
; Resource Aware Inference For Block RAM                           ; On                 ; On                 ;
+------------------------------------------------------------------+--------------------+--------------------+


+------------------------------------------+
; Parallel Compilation                     ;
+----------------------------+-------------+
; Processors                 ; Number      ;
+----------------------------+-------------+
; Number detected on machine ; 6           ;
; Maximum allowed            ; 6           ;
;                            ;             ;
; Average used               ; 1.00        ;
; Maximum used               ; 6           ;
;                            ;             ;
; Usage by Processor         ; % Time Used ;
;     Processor 1            ; 100.0%      ;
;     Processor 2            ;   0.1%      ;
;     Processors 3-6         ;   0.0%      ;
+----------------------------+-------------+


+------------------------------------------------------------------------------------------------------------------------------------------------------+
; Analysis & Synthesis Source Files Read                                                                                                               ;
+----------------------------------+-----------------+------------------------------+--------------------------------------------------------+---------+
; File Name with User-Entered Path ; Used in Netlist ; File Type                    ; File Name with Absolute Path                           ; Library ;
+----------------------------------+-----------------+------------------------------+--------------------------------------------------------+---------+
; src/LFSR_GAL.sv                  ; yes             ; User SystemVerilog HDL File  ; D:/Project/Quartus Prime/hw4/src/LFSR_GAL.sv           ;         ;
; src/moore_overlapped.sv          ; yes             ; User SystemVerilog HDL File  ; D:/Project/Quartus Prime/hw4/src/moore_overlapped.sv   ;         ;
; src/mealy_overlapped.sv          ; yes             ; User SystemVerilog HDL File  ; D:/Project/Quartus Prime/hw4/src/mealy_overlapped.sv   ;         ;
; src/gen_overlapped.sv            ; yes             ; User SystemVerilog HDL File  ; D:/Project/Quartus Prime/hw4/src/gen_overlapped.sv     ;         ;
; src/top_gen_overlapped.sv        ; yes             ; User SystemVerilog HDL File  ; D:/Project/Quartus Prime/hw4/src/top_gen_overlapped.sv ;         ;
+----------------------------------+-----------------+------------------------------+--------------------------------------------------------+---------+


+-----------------------------------------------------------+
; Analysis & Synthesis Resource Usage Summary               ;
+---------------------------------------------+-------------+
; Resource                                    ; Usage       ;
+---------------------------------------------+-------------+
; Estimated Total logic elements              ; 160         ;
;                                             ;             ;
; Total combinational functions               ; 160         ;
; Logic element usage by number of LUT inputs ;             ;
;     -- 4 input functions                    ; 52          ;
;     -- 3 input functions                    ; 63          ;
;     -- <=2 input functions                  ; 45          ;
;                                             ;             ;
; Logic elements by mode                      ;             ;
;     -- normal mode                          ; 160         ;
;     -- arithmetic mode                      ; 0           ;
;                                             ;             ;
; Total registers                             ; 60          ;
;     -- Dedicated logic registers            ; 60          ;
;     -- I/O registers                        ; 0           ;
;                                             ;             ;
; I/O pins                                    ; 52          ;
;                                             ;             ;
; Embedded Multiplier 9-bit elements          ; 0           ;
;                                             ;             ;
; Maximum fan-out node                        ; res_n~input ;
; Maximum fan-out                             ; 156         ;
; Total fan-out                               ; 721         ;
; Average fan-out                             ; 2.23        ;
+---------------------------------------------+-------------+


+---------------------------------------------------------------------------------------------------------------------------------------------------------------------------------------------------------------------------------------------------------+
; Analysis & Synthesis Resource Utilization by Entity                                                                                                                                                                                                     ;
+-----------------------------+---------------------+---------------------------+-------------+--------------+---------+-----------+------+--------------+------------------------------------------------------------+--------------------+--------------+
; Compilation Hierarchy Node  ; Combinational ALUTs ; Dedicated Logic Registers ; Memory Bits ; DSP Elements ; DSP 9x9 ; DSP 18x18 ; Pins ; Virtual Pins ; Full Hierarchy Name                                        ; Entity Name        ; Library Name ;
+-----------------------------+---------------------+---------------------------+-------------+--------------+---------+-----------+------+--------------+------------------------------------------------------------+--------------------+--------------+
; |top_gen_overlapped         ; 160 (0)             ; 60 (0)                    ; 0           ; 0            ; 0       ; 0         ; 52   ; 0            ; |top_gen_overlapped                                        ; top_gen_overlapped ; work         ;
;    |gen_overlapped:UUT|     ; 160 (2)             ; 60 (0)                    ; 0           ; 0            ; 0       ; 0         ; 0    ; 0            ; |top_gen_overlapped|gen_overlapped:UUT                     ; gen_overlapped     ; work         ;
;       |LFSR_GAL:U1|         ; 48 (48)             ; 16 (16)                   ; 0           ; 0            ; 0       ; 0         ; 0    ; 0            ; |top_gen_overlapped|gen_overlapped:UUT|LFSR_GAL:U1         ; LFSR_GAL           ; work         ;
;       |LFSR_GAL:U2|         ; 48 (48)             ; 16 (16)                   ; 0           ; 0            ; 0       ; 0         ; 0    ; 0            ; |top_gen_overlapped|gen_overlapped:UUT|LFSR_GAL:U2         ; LFSR_GAL           ; work         ;
;       |LFSR_GAL:U3|         ; 48 (48)             ; 16 (16)                   ; 0           ; 0            ; 0       ; 0         ; 0    ; 0            ; |top_gen_overlapped|gen_overlapped:UUT|LFSR_GAL:U3         ; LFSR_GAL           ; work         ;
;       |mealy_overlapped:U5| ; 6 (6)               ; 6 (6)                     ; 0           ; 0            ; 0       ; 0         ; 0    ; 0            ; |top_gen_overlapped|gen_overlapped:UUT|mealy_overlapped:U5 ; mealy_overlapped   ; work         ;
;       |moore_overlapped:U4| ; 8 (8)               ; 6 (6)                     ; 0           ; 0            ; 0       ; 0         ; 0    ; 0            ; |top_gen_overlapped|gen_overlapped:UUT|moore_overlapped:U4 ; moore_overlapped   ; work         ;
+-----------------------------+---------------------+---------------------------+-------------+--------------+---------+-----------+------+--------------+------------------------------------------------------------+--------------------+--------------+
Note: For table entries with two numbers listed, the numbers in parentheses indicate the number of resources of the given type used by the specific entity alone. The numbers listed outside of parentheses indicate the total resources of the given type used by the specific entity and all of its sub-entities in the hierarchy.


Encoding Type:  One-Hot
+-------------------------------------------------------------------------------------------+
; State Machine - |top_gen_overlapped|gen_overlapped:UUT|mealy_overlapped:U5|state          ;
+---------------+---------------+---------------+---------------+-----------+---------------+
; Name          ; state.READY_3 ; state.READY_2 ; state.READY_1 ; state.OFF ; state.READY_4 ;
+---------------+---------------+---------------+---------------+-----------+---------------+
; state.OFF     ; 0             ; 0             ; 0             ; 0         ; 0             ;
; state.READY_1 ; 0             ; 0             ; 1             ; 1         ; 0             ;
; state.READY_2 ; 0             ; 1             ; 0             ; 1         ; 0             ;
; state.READY_3 ; 1             ; 0             ; 0             ; 1         ; 0             ;
; state.READY_4 ; 0             ; 0             ; 0             ; 1         ; 1             ;
+---------------+---------------+---------------+---------------+-----------+---------------+


Encoding Type:  One-Hot
+------------------------------------------------------------------------------------------------------+
; State Machine - |top_gen_overlapped|gen_overlapped:UUT|moore_overlapped:U4|state                     ;
+---------------+----------+---------------+---------------+---------------+---------------+-----------+
; Name          ; state.ON ; state.READY_4 ; state.READY_3 ; state.READY_2 ; state.READY_1 ; state.OFF ;
+---------------+----------+---------------+---------------+---------------+---------------+-----------+
; state.OFF     ; 0        ; 0             ; 0             ; 0             ; 0             ; 0         ;
; state.READY_1 ; 0        ; 0             ; 0             ; 0             ; 1             ; 1         ;
; state.READY_2 ; 0        ; 0             ; 0             ; 1             ; 0             ; 1         ;
; state.READY_3 ; 0        ; 0             ; 1             ; 0             ; 0             ; 1         ;
; state.READY_4 ; 0        ; 1             ; 0             ; 0             ; 0             ; 1         ;
; state.ON      ; 1        ; 0             ; 0             ; 0             ; 0             ; 1         ;
+---------------+----------+---------------+---------------+---------------+---------------+-----------+


+---------------------------------------------------------------------+
; Registers Removed During Synthesis                                  ;
+------------------------------------------------+--------------------+
; Register name                                  ; Reason for Removal ;
+------------------------------------------------+--------------------+
; gen_overlapped:UUT|mealy_overlapped:U5|state~4 ; Lost fanout        ;
; gen_overlapped:UUT|mealy_overlapped:U5|state~5 ; Lost fanout        ;
; gen_overlapped:UUT|moore_overlapped:U4|state~4 ; Lost fanout        ;
; gen_overlapped:UUT|moore_overlapped:U4|state~5 ; Lost fanout        ;
; gen_overlapped:UUT|moore_overlapped:U4|state~6 ; Lost fanout        ;
; Total Number of Removed Registers = 5          ;                    ;
+------------------------------------------------+--------------------+


+------------------------------------------------------+
; General Register Statistics                          ;
+----------------------------------------------+-------+
; Statistic                                    ; Value ;
+----------------------------------------------+-------+
; Total registers                              ; 60    ;
; Number of registers using Synchronous Clear  ; 0     ;
; Number of registers using Synchronous Load   ; 0     ;
; Number of registers using Asynchronous Clear ; 60    ;
; Number of registers using Asynchronous Load  ; 0     ;
; Number of registers using Clock Enable       ; 0     ;
; Number of registers using Preset             ; 0     ;
+----------------------------------------------+-------+


+-----------------------------------------------------+
; Post-Synthesis Netlist Statistics for Top Partition ;
+-----------------------+-----------------------------+
; Type                  ; Count                       ;
+-----------------------+-----------------------------+
; boundary_port         ; 52                          ;
; cycloneiii_ff         ; 60                          ;
;     CLR               ; 60                          ;
; cycloneiii_lcell_comb ; 160                         ;
;     normal            ; 160                         ;
;         2 data inputs ; 45                          ;
;         3 data inputs ; 63                          ;
;         4 data inputs ; 52                          ;
;                       ;                             ;
; Max LUT depth         ; 2.00                        ;
; Average LUT depth     ; 1.82                        ;
+-----------------------+-----------------------------+


+-------------------------------+
; Elapsed Time Per Partition    ;
+----------------+--------------+
; Partition Name ; Elapsed Time ;
+----------------+--------------+
; Top            ; 00:00:01     ;
+----------------+--------------+


+-------------------------------+
; Analysis & Synthesis Messages ;
+-------------------------------+
Info: *******************************************************************
Info: Running Quartus Prime Analysis & Synthesis
    Info: Version 20.1.1 Build 720 11/11/2020 SJ Lite Edition
    Info: Processing started: Mon Nov 20 13:12:06 2023
Info: Command: quartus_map --read_settings_files=on --write_settings_files=off hw4 -c hw4
Warning (18236): Number of processors has not been specified which may cause overloading on shared machines.  Set the global assignment NUM_PARALLEL_PROCESSORS in your QSF to an appropriate value for best performance.
Info (20030): Parallel compilation is enabled and will use 6 of the 6 processors detected
Info (12021): Found 1 design units, including 1 entities, in source file src/lfsr_gen.sv
    Info (12023): Found entity 1: LFSR_gen File: D:/Project/Quartus Prime/hw4/src/LFSR_gen.sv Line: 1
Info (12021): Found 1 design units, including 1 entities, in source file src/lfsr_gal.sv
    Info (12023): Found entity 1: LFSR_GAL File: D:/Project/Quartus Prime/hw4/src/LFSR_GAL.sv Line: 1
Info (12021): Found 1 design units, including 1 entities, in source file src/moore_overlapped.sv
    Info (12023): Found entity 1: moore_overlapped File: D:/Project/Quartus Prime/hw4/src/moore_overlapped.sv Line: 1
Info (12021): Found 1 design units, including 1 entities, in source file src/mealy_overlapped.sv
    Info (12023): Found entity 1: mealy_overlapped File: D:/Project/Quartus Prime/hw4/src/mealy_overlapped.sv Line: 1
Info (12021): Found 1 design units, including 1 entities, in source file src/moore_unique.sv
    Info (12023): Found entity 1: moore_unique File: D:/Project/Quartus Prime/hw4/src/moore_unique.sv Line: 1
Info (12021): Found 1 design units, including 1 entities, in source file src/top_overlapped.sv
    Info (12023): Found entity 1: top_overlapped File: D:/Project/Quartus Prime/hw4/src/top_overlapped.sv Line: 1
Info (12021): Found 1 design units, including 1 entities, in source file src/top_unique.sv
    Info (12023): Found entity 1: top_unique File: D:/Project/Quartus Prime/hw4/src/top_unique.sv Line: 1
Info (12021): Found 1 design units, including 1 entities, in source file src/mealy_unique.sv
    Info (12023): Found entity 1: mealy_unique File: D:/Project/Quartus Prime/hw4/src/mealy_unique.sv Line: 1
Info (12021): Found 1 design units, including 1 entities, in source file src/gen_overlapped.sv
    Info (12023): Found entity 1: gen_overlapped File: D:/Project/Quartus Prime/hw4/src/gen_overlapped.sv Line: 1
Info (12021): Found 1 design units, including 1 entities, in source file src/top_gen_overlapped.sv
    Info (12023): Found entity 1: top_gen_overlapped File: D:/Project/Quartus Prime/hw4/src/top_gen_overlapped.sv Line: 1
Info (12021): Found 1 design units, including 1 entities, in source file src/gen_unique.sv
    Info (12023): Found entity 1: gen_unique File: D:/Project/Quartus Prime/hw4/src/gen_unique.sv Line: 1
Info (12021): Found 1 design units, including 1 entities, in source file src/top_gen_unique.sv
    Info (12023): Found entity 1: top_gen_unique File: D:/Project/Quartus Prime/hw4/src/top_gen_unique.sv Line: 1
Info (12127): Elaborating entity "top_gen_overlapped" for the top level hierarchy
Info (12128): Elaborating entity "gen_overlapped" for hierarchy "gen_overlapped:UUT" File: D:/Project/Quartus Prime/hw4/src/top_gen_overlapped.sv Line: 7
Info (12128): Elaborating entity "LFSR_GAL" for hierarchy "gen_overlapped:UUT|LFSR_GAL:U1" File: D:/Project/Quartus Prime/hw4/src/gen_overlapped.sv Line: 11
Info (12128): Elaborating entity "moore_overlapped" for hierarchy "gen_overlapped:UUT|moore_overlapped:U4" File: D:/Project/Quartus Prime/hw4/src/gen_overlapped.sv Line: 15
Warning (10036): Verilog HDL or VHDL warning at moore_overlapped.sv(35): object "textstate" assigned a value but never read File: D:/Project/Quartus Prime/hw4/src/moore_overlapped.sv Line: 35
Warning (10230): Verilog HDL assignment warning at moore_overlapped.sv(32): truncated value with size 3 to match size of target (1) File: D:/Project/Quartus Prime/hw4/src/moore_overlapped.sv Line: 32
Info (12128): Elaborating entity "mealy_overlapped" for hierarchy "gen_overlapped:UUT|mealy_overlapped:U5" File: D:/Project/Quartus Prime/hw4/src/gen_overlapped.sv Line: 16
Warning (13004): Presettable and clearable registers converted to equivalent circuits with latches. Registers power-up to an undefined state, and DEVCLRn places the registers in an undefined state.
    Warning (13310): Register "gen_overlapped:UUT|LFSR_GAL:U2|LFSR_reg[15]" is converted into an equivalent circuit using register "gen_overlapped:UUT|LFSR_GAL:U2|LFSR_reg[15]~_emulated" and latch "gen_overlapped:UUT|LFSR_GAL:U2|LFSR_reg[15]~1" File: D:/Project/Quartus Prime/hw4/src/LFSR_GAL.sv Line: 13
    Warning (13310): Register "gen_overlapped:UUT|LFSR_GAL:U3|LFSR_reg[15]" is converted into an equivalent circuit using register "gen_overlapped:UUT|LFSR_GAL:U3|LFSR_reg[15]~_emulated" and latch "gen_overlapped:UUT|LFSR_GAL:U3|LFSR_reg[15]~1" File: D:/Project/Quartus Prime/hw4/src/LFSR_GAL.sv Line: 13
    Warning (13310): Register "gen_overlapped:UUT|LFSR_GAL:U2|LFSR_reg[14]" is converted into an equivalent circuit using register "gen_overlapped:UUT|LFSR_GAL:U2|LFSR_reg[14]~_emulated" and latch "gen_overlapped:UUT|LFSR_GAL:U2|LFSR_reg[14]~5" File: D:/Project/Quartus Prime/hw4/src/LFSR_GAL.sv Line: 13
    Warning (13310): Register "gen_overlapped:UUT|LFSR_GAL:U3|LFSR_reg[14]" is converted into an equivalent circuit using register "gen_overlapped:UUT|LFSR_GAL:U3|LFSR_reg[14]~_emulated" and latch "gen_overlapped:UUT|LFSR_GAL:U3|LFSR_reg[14]~5" File: D:/Project/Quartus Prime/hw4/src/LFSR_GAL.sv Line: 13
    Warning (13310): Register "gen_overlapped:UUT|LFSR_GAL:U2|LFSR_reg[13]" is converted into an equivalent circuit using register "gen_overlapped:UUT|LFSR_GAL:U2|LFSR_reg[13]~_emulated" and latch "gen_overlapped:UUT|LFSR_GAL:U2|LFSR_reg[13]~9" File: D:/Project/Quartus Prime/hw4/src/LFSR_GAL.sv Line: 13
    Warning (13310): Register "gen_overlapped:UUT|LFSR_GAL:U1|LFSR_reg[15]" is converted into an equivalent circuit using register "gen_overlapped:UUT|LFSR_GAL:U1|LFSR_reg[15]~_emulated" and latch "gen_overlapped:UUT|LFSR_GAL:U1|LFSR_reg[15]~1" File: D:/Project/Quartus Prime/hw4/src/LFSR_GAL.sv Line: 13
    Warning (13310): Register "gen_overlapped:UUT|LFSR_GAL:U3|LFSR_reg[13]" is converted into an equivalent circuit using register "gen_overlapped:UUT|LFSR_GAL:U3|LFSR_reg[13]~_emulated" and latch "gen_overlapped:UUT|LFSR_GAL:U3|LFSR_reg[13]~9" File: D:/Project/Quartus Prime/hw4/src/LFSR_GAL.sv Line: 13
    Warning (13310): Register "gen_overlapped:UUT|LFSR_GAL:U2|LFSR_reg[12]" is converted into an equivalent circuit using register "gen_overlapped:UUT|LFSR_GAL:U2|LFSR_reg[12]~_emulated" and latch "gen_overlapped:UUT|LFSR_GAL:U2|LFSR_reg[12]~13" File: D:/Project/Quartus Prime/hw4/src/LFSR_GAL.sv Line: 13
    Warning (13310): Register "gen_overlapped:UUT|LFSR_GAL:U1|LFSR_reg[14]" is converted into an equivalent circuit using register "gen_overlapped:UUT|LFSR_GAL:U1|LFSR_reg[14]~_emulated" and latch "gen_overlapped:UUT|LFSR_GAL:U1|LFSR_reg[14]~5" File: D:/Project/Quartus Prime/hw4/src/LFSR_GAL.sv Line: 13
    Warning (13310): Register "gen_overlapped:UUT|LFSR_GAL:U3|LFSR_reg[12]" is converted into an equivalent circuit using register "gen_overlapped:UUT|LFSR_GAL:U3|LFSR_reg[12]~_emulated" and latch "gen_overlapped:UUT|LFSR_GAL:U3|LFSR_reg[12]~13" File: D:/Project/Quartus Prime/hw4/src/LFSR_GAL.sv Line: 13
    Warning (13310): Register "gen_overlapped:UUT|LFSR_GAL:U2|LFSR_reg[11]" is converted into an equivalent circuit using register "gen_overlapped:UUT|LFSR_GAL:U2|LFSR_reg[11]~_emulated" and latch "gen_overlapped:UUT|LFSR_GAL:U2|LFSR_reg[11]~17" File: D:/Project/Quartus Prime/hw4/src/LFSR_GAL.sv Line: 13
    Warning (13310): Register "gen_overlapped:UUT|LFSR_GAL:U1|LFSR_reg[13]" is converted into an equivalent circuit using register "gen_overlapped:UUT|LFSR_GAL:U1|LFSR_reg[13]~_emulated" and latch "gen_overlapped:UUT|LFSR_GAL:U1|LFSR_reg[13]~9" File: D:/Project/Quartus Prime/hw4/src/LFSR_GAL.sv Line: 13
    Warning (13310): Register "gen_overlapped:UUT|LFSR_GAL:U3|LFSR_reg[11]" is converted into an equivalent circuit using register "gen_overlapped:UUT|LFSR_GAL:U3|LFSR_reg[11]~_emulated" and latch "gen_overlapped:UUT|LFSR_GAL:U3|LFSR_reg[11]~17" File: D:/Project/Quartus Prime/hw4/src/LFSR_GAL.sv Line: 13
    Warning (13310): Register "gen_overlapped:UUT|LFSR_GAL:U2|LFSR_reg[10]" is converted into an equivalent circuit using register "gen_overlapped:UUT|LFSR_GAL:U2|LFSR_reg[10]~_emulated" and latch "gen_overlapped:UUT|LFSR_GAL:U2|LFSR_reg[10]~21" File: D:/Project/Quartus Prime/hw4/src/LFSR_GAL.sv Line: 13
    Warning (13310): Register "gen_overlapped:UUT|LFSR_GAL:U1|LFSR_reg[12]" is converted into an equivalent circuit using register "gen_overlapped:UUT|LFSR_GAL:U1|LFSR_reg[12]~_emulated" and latch "gen_overlapped:UUT|LFSR_GAL:U1|LFSR_reg[12]~13" File: D:/Project/Quartus Prime/hw4/src/LFSR_GAL.sv Line: 13
    Warning (13310): Register "gen_overlapped:UUT|LFSR_GAL:U3|LFSR_reg[10]" is converted into an equivalent circuit using register "gen_overlapped:UUT|LFSR_GAL:U3|LFSR_reg[10]~_emulated" and latch "gen_overlapped:UUT|LFSR_GAL:U3|LFSR_reg[10]~21" File: D:/Project/Quartus Prime/hw4/src/LFSR_GAL.sv Line: 13
    Warning (13310): Register "gen_overlapped:UUT|LFSR_GAL:U2|LFSR_reg[9]" is converted into an equivalent circuit using register "gen_overlapped:UUT|LFSR_GAL:U2|LFSR_reg[9]~_emulated" and latch "gen_overlapped:UUT|LFSR_GAL:U2|LFSR_reg[9]~25" File: D:/Project/Quartus Prime/hw4/src/LFSR_GAL.sv Line: 13
    Warning (13310): Register "gen_overlapped:UUT|LFSR_GAL:U1|LFSR_reg[11]" is converted into an equivalent circuit using register "gen_overlapped:UUT|LFSR_GAL:U1|LFSR_reg[11]~_emulated" and latch "gen_overlapped:UUT|LFSR_GAL:U1|LFSR_reg[11]~17" File: D:/Project/Quartus Prime/hw4/src/LFSR_GAL.sv Line: 13
    Warning (13310): Register "gen_overlapped:UUT|LFSR_GAL:U3|LFSR_reg[9]" is converted into an equivalent circuit using register "gen_overlapped:UUT|LFSR_GAL:U3|LFSR_reg[9]~_emulated" and latch "gen_overlapped:UUT|LFSR_GAL:U3|LFSR_reg[9]~25" File: D:/Project/Quartus Prime/hw4/src/LFSR_GAL.sv Line: 13
    Warning (13310): Register "gen_overlapped:UUT|LFSR_GAL:U2|LFSR_reg[8]" is converted into an equivalent circuit using register "gen_overlapped:UUT|LFSR_GAL:U2|LFSR_reg[8]~_emulated" and latch "gen_overlapped:UUT|LFSR_GAL:U2|LFSR_reg[8]~29" File: D:/Project/Quartus Prime/hw4/src/LFSR_GAL.sv Line: 13
    Warning (13310): Register "gen_overlapped:UUT|LFSR_GAL:U1|LFSR_reg[10]" is converted into an equivalent circuit using register "gen_overlapped:UUT|LFSR_GAL:U1|LFSR_reg[10]~_emulated" and latch "gen_overlapped:UUT|LFSR_GAL:U1|LFSR_reg[10]~21" File: D:/Project/Quartus Prime/hw4/src/LFSR_GAL.sv Line: 13
    Warning (13310): Register "gen_overlapped:UUT|LFSR_GAL:U3|LFSR_reg[8]" is converted into an equivalent circuit using register "gen_overlapped:UUT|LFSR_GAL:U3|LFSR_reg[8]~_emulated" and latch "gen_overlapped:UUT|LFSR_GAL:U3|LFSR_reg[8]~29" File: D:/Project/Quartus Prime/hw4/src/LFSR_GAL.sv Line: 13
    Warning (13310): Register "gen_overlapped:UUT|LFSR_GAL:U2|LFSR_reg[7]" is converted into an equivalent circuit using register "gen_overlapped:UUT|LFSR_GAL:U2|LFSR_reg[7]~_emulated" and latch "gen_overlapped:UUT|LFSR_GAL:U2|LFSR_reg[7]~33" File: D:/Project/Quartus Prime/hw4/src/LFSR_GAL.sv Line: 13
    Warning (13310): Register "gen_overlapped:UUT|LFSR_GAL:U1|LFSR_reg[9]" is converted into an equivalent circuit using register "gen_overlapped:UUT|LFSR_GAL:U1|LFSR_reg[9]~_emulated" and latch "gen_overlapped:UUT|LFSR_GAL:U1|LFSR_reg[9]~25" File: D:/Project/Quartus Prime/hw4/src/LFSR_GAL.sv Line: 13
    Warning (13310): Register "gen_overlapped:UUT|LFSR_GAL:U3|LFSR_reg[7]" is converted into an equivalent circuit using register "gen_overlapped:UUT|LFSR_GAL:U3|LFSR_reg[7]~_emulated" and latch "gen_overlapped:UUT|LFSR_GAL:U3|LFSR_reg[7]~33" File: D:/Project/Quartus Prime/hw4/src/LFSR_GAL.sv Line: 13
    Warning (13310): Register "gen_overlapped:UUT|LFSR_GAL:U2|LFSR_reg[6]" is converted into an equivalent circuit using register "gen_overlapped:UUT|LFSR_GAL:U2|LFSR_reg[6]~_emulated" and latch "gen_overlapped:UUT|LFSR_GAL:U2|LFSR_reg[6]~37" File: D:/Project/Quartus Prime/hw4/src/LFSR_GAL.sv Line: 13
    Warning (13310): Register "gen_overlapped:UUT|LFSR_GAL:U1|LFSR_reg[8]" is converted into an equivalent circuit using register "gen_overlapped:UUT|LFSR_GAL:U1|LFSR_reg[8]~_emulated" and latch "gen_overlapped:UUT|LFSR_GAL:U1|LFSR_reg[8]~29" File: D:/Project/Quartus Prime/hw4/src/LFSR_GAL.sv Line: 13
    Warning (13310): Register "gen_overlapped:UUT|LFSR_GAL:U3|LFSR_reg[6]" is converted into an equivalent circuit using register "gen_overlapped:UUT|LFSR_GAL:U3|LFSR_reg[6]~_emulated" and latch "gen_overlapped:UUT|LFSR_GAL:U3|LFSR_reg[6]~37" File: D:/Project/Quartus Prime/hw4/src/LFSR_GAL.sv Line: 13
    Warning (13310): Register "gen_overlapped:UUT|LFSR_GAL:U2|LFSR_reg[5]" is converted into an equivalent circuit using register "gen_overlapped:UUT|LFSR_GAL:U2|LFSR_reg[5]~_emulated" and latch "gen_overlapped:UUT|LFSR_GAL:U2|LFSR_reg[5]~41" File: D:/Project/Quartus Prime/hw4/src/LFSR_GAL.sv Line: 13
    Warning (13310): Register "gen_overlapped:UUT|LFSR_GAL:U1|LFSR_reg[7]" is converted into an equivalent circuit using register "gen_overlapped:UUT|LFSR_GAL:U1|LFSR_reg[7]~_emulated" and latch "gen_overlapped:UUT|LFSR_GAL:U1|LFSR_reg[7]~33" File: D:/Project/Quartus Prime/hw4/src/LFSR_GAL.sv Line: 13
    Warning (13310): Register "gen_overlapped:UUT|LFSR_GAL:U3|LFSR_reg[5]" is converted into an equivalent circuit using register "gen_overlapped:UUT|LFSR_GAL:U3|LFSR_reg[5]~_emulated" and latch "gen_overlapped:UUT|LFSR_GAL:U3|LFSR_reg[5]~41" File: D:/Project/Quartus Prime/hw4/src/LFSR_GAL.sv Line: 13
    Warning (13310): Register "gen_overlapped:UUT|LFSR_GAL:U2|LFSR_reg[4]" is converted into an equivalent circuit using register "gen_overlapped:UUT|LFSR_GAL:U2|LFSR_reg[4]~_emulated" and latch "gen_overlapped:UUT|LFSR_GAL:U2|LFSR_reg[4]~45" File: D:/Project/Quartus Prime/hw4/src/LFSR_GAL.sv Line: 13
    Warning (13310): Register "gen_overlapped:UUT|LFSR_GAL:U1|LFSR_reg[6]" is converted into an equivalent circuit using register "gen_overlapped:UUT|LFSR_GAL:U1|LFSR_reg[6]~_emulated" and latch "gen_overlapped:UUT|LFSR_GAL:U1|LFSR_reg[6]~37" File: D:/Project/Quartus Prime/hw4/src/LFSR_GAL.sv Line: 13
    Warning (13310): Register "gen_overlapped:UUT|LFSR_GAL:U3|LFSR_reg[4]" is converted into an equivalent circuit using register "gen_overlapped:UUT|LFSR_GAL:U3|LFSR_reg[4]~_emulated" and latch "gen_overlapped:UUT|LFSR_GAL:U3|LFSR_reg[4]~45" File: D:/Project/Quartus Prime/hw4/src/LFSR_GAL.sv Line: 13
    Warning (13310): Register "gen_overlapped:UUT|LFSR_GAL:U2|LFSR_reg[3]" is converted into an equivalent circuit using register "gen_overlapped:UUT|LFSR_GAL:U2|LFSR_reg[3]~_emulated" and latch "gen_overlapped:UUT|LFSR_GAL:U2|LFSR_reg[3]~49" File: D:/Project/Quartus Prime/hw4/src/LFSR_GAL.sv Line: 13
    Warning (13310): Register "gen_overlapped:UUT|LFSR_GAL:U1|LFSR_reg[5]" is converted into an equivalent circuit using register "gen_overlapped:UUT|LFSR_GAL:U1|LFSR_reg[5]~_emulated" and latch "gen_overlapped:UUT|LFSR_GAL:U1|LFSR_reg[5]~41" File: D:/Project/Quartus Prime/hw4/src/LFSR_GAL.sv Line: 13
    Warning (13310): Register "gen_overlapped:UUT|LFSR_GAL:U3|LFSR_reg[3]" is converted into an equivalent circuit using register "gen_overlapped:UUT|LFSR_GAL:U3|LFSR_reg[3]~_emulated" and latch "gen_overlapped:UUT|LFSR_GAL:U3|LFSR_reg[3]~49" File: D:/Project/Quartus Prime/hw4/src/LFSR_GAL.sv Line: 13
    Warning (13310): Register "gen_overlapped:UUT|LFSR_GAL:U2|LFSR_reg[2]" is converted into an equivalent circuit using register "gen_overlapped:UUT|LFSR_GAL:U2|LFSR_reg[2]~_emulated" and latch "gen_overlapped:UUT|LFSR_GAL:U2|LFSR_reg[2]~53" File: D:/Project/Quartus Prime/hw4/src/LFSR_GAL.sv Line: 13
    Warning (13310): Register "gen_overlapped:UUT|LFSR_GAL:U1|LFSR_reg[4]" is converted into an equivalent circuit using register "gen_overlapped:UUT|LFSR_GAL:U1|LFSR_reg[4]~_emulated" and latch "gen_overlapped:UUT|LFSR_GAL:U1|LFSR_reg[4]~45" File: D:/Project/Quartus Prime/hw4/src/LFSR_GAL.sv Line: 13
    Warning (13310): Register "gen_overlapped:UUT|LFSR_GAL:U3|LFSR_reg[2]" is converted into an equivalent circuit using register "gen_overlapped:UUT|LFSR_GAL:U3|LFSR_reg[2]~_emulated" and latch "gen_overlapped:UUT|LFSR_GAL:U3|LFSR_reg[2]~53" File: D:/Project/Quartus Prime/hw4/src/LFSR_GAL.sv Line: 13
    Warning (13310): Register "gen_overlapped:UUT|LFSR_GAL:U2|LFSR_reg[1]" is converted into an equivalent circuit using register "gen_overlapped:UUT|LFSR_GAL:U2|LFSR_reg[1]~_emulated" and latch "gen_overlapped:UUT|LFSR_GAL:U2|LFSR_reg[1]~57" File: D:/Project/Quartus Prime/hw4/src/LFSR_GAL.sv Line: 13
    Warning (13310): Register "gen_overlapped:UUT|LFSR_GAL:U1|LFSR_reg[3]" is converted into an equivalent circuit using register "gen_overlapped:UUT|LFSR_GAL:U1|LFSR_reg[3]~_emulated" and latch "gen_overlapped:UUT|LFSR_GAL:U1|LFSR_reg[3]~49" File: D:/Project/Quartus Prime/hw4/src/LFSR_GAL.sv Line: 13
    Warning (13310): Register "gen_overlapped:UUT|LFSR_GAL:U3|LFSR_reg[1]" is converted into an equivalent circuit using register "gen_overlapped:UUT|LFSR_GAL:U3|LFSR_reg[1]~_emulated" and latch "gen_overlapped:UUT|LFSR_GAL:U3|LFSR_reg[1]~57" File: D:/Project/Quartus Prime/hw4/src/LFSR_GAL.sv Line: 13
    Warning (13310): Register "gen_overlapped:UUT|LFSR_GAL:U2|LFSR_reg[0]" is converted into an equivalent circuit using register "gen_overlapped:UUT|LFSR_GAL:U2|LFSR_reg[0]~_emulated" and latch "gen_overlapped:UUT|LFSR_GAL:U2|LFSR_reg[0]~61" File: D:/Project/Quartus Prime/hw4/src/LFSR_GAL.sv Line: 13
    Warning (13310): Register "gen_overlapped:UUT|LFSR_GAL:U1|LFSR_reg[2]" is converted into an equivalent circuit using register "gen_overlapped:UUT|LFSR_GAL:U1|LFSR_reg[2]~_emulated" and latch "gen_overlapped:UUT|LFSR_GAL:U1|LFSR_reg[2]~53" File: D:/Project/Quartus Prime/hw4/src/LFSR_GAL.sv Line: 13
    Warning (13310): Register "gen_overlapped:UUT|LFSR_GAL:U3|LFSR_reg[0]" is converted into an equivalent circuit using register "gen_overlapped:UUT|LFSR_GAL:U3|LFSR_reg[0]~_emulated" and latch "gen_overlapped:UUT|LFSR_GAL:U3|LFSR_reg[0]~61" File: D:/Project/Quartus Prime/hw4/src/LFSR_GAL.sv Line: 13
    Warning (13310): Register "gen_overlapped:UUT|LFSR_GAL:U1|LFSR_reg[1]" is converted into an equivalent circuit using register "gen_overlapped:UUT|LFSR_GAL:U1|LFSR_reg[1]~_emulated" and latch "gen_overlapped:UUT|LFSR_GAL:U1|LFSR_reg[1]~57" File: D:/Project/Quartus Prime/hw4/src/LFSR_GAL.sv Line: 13
    Warning (13310): Register "gen_overlapped:UUT|LFSR_GAL:U1|LFSR_reg[0]" is converted into an equivalent circuit using register "gen_overlapped:UUT|LFSR_GAL:U1|LFSR_reg[0]~_emulated" and latch "gen_overlapped:UUT|LFSR_GAL:U1|LFSR_reg[0]~61" File: D:/Project/Quartus Prime/hw4/src/LFSR_GAL.sv Line: 13
Info (286030): Timing-Driven Synthesis is running
Info (17049): 5 registers lost all their fanouts during netlist optimizations.
Info (16010): Generating hard_block partition "hard_block:auto_generated_inst"
    Info (16011): Adding 0 node(s), including 0 DDIO, 0 PLL, 0 transceiver and 0 LCELL
Info (21057): Implemented 212 device resources after synthesis - the final resource count might be different
    Info (21058): Implemented 50 input pins
    Info (21059): Implemented 2 output pins
    Info (21061): Implemented 160 logic cells
Info: Quartus Prime Analysis & Synthesis was successful. 0 errors, 52 warnings
    Info: Peak virtual memory: 4774 megabytes
    Info: Processing ended: Mon Nov 20 13:12:23 2023
    Info: Elapsed time: 00:00:17
    Info: Total CPU time (on all processors): 00:00:37


