Analysis & Synthesis report for only_hw_3_lab
Wed Nov 29 14:01:43 2023
Quartus Prime Version 20.1.1 Build 720 11/11/2020 SJ Lite Edition


---------------------
; Table of Contents ;
---------------------
  1. Legal Notice
  2. Analysis & Synthesis Summary
  3. Analysis & Synthesis Settings
  4. Parallel Compilation
  5. Analysis & Synthesis Source Files Read
  6. Analysis & Synthesis Resource Usage Summary
  7. Analysis & Synthesis Resource Utilization by Entity
  8. State Machine - |HighestGenTop|gen_perek:DUT_gen_perek|mealy_perek:DutMealyPerek|state
  9. State Machine - |HighestGenTop|gen_perek:DUT_gen_perek|moore_perek:DutMoorePerek|state
 10. State Machine - |HighestGenTop|gen_neperek:DUT_gen_neperek|mealy_neperek:DutMealyNeperek|state
 11. State Machine - |HighestGenTop|gen_neperek:DUT_gen_neperek|moore_neperek:DutMooreNeperek|state
 12. Registers Removed During Synthesis
 13. General Register Statistics
 14. Inverted Register Statistics
 15. Parameter Settings for User Entity Instance: gen_neperek:DUT_gen_neperek|top_lfsr_5:DutGenNeperek|lfsr_fibonacci_param:dut_fib_1
 16. Parameter Settings for User Entity Instance: gen_neperek:DUT_gen_neperek|top_lfsr_5:DutGenNeperek|lfsr_fibonacci_param:dut_fib_2
 17. Parameter Settings for User Entity Instance: gen_neperek:DUT_gen_neperek|top_lfsr_5:DutGenNeperek|lfsr_fibonacci_param:dut_fib_3
 18. Parameter Settings for User Entity Instance: gen_perek:DUT_gen_perek|top_lfsr_5:DutGenPerek|lfsr_fibonacci_param:dut_fib_1
 19. Parameter Settings for User Entity Instance: gen_perek:DUT_gen_perek|top_lfsr_5:DutGenPerek|lfsr_fibonacci_param:dut_fib_2
 20. Parameter Settings for User Entity Instance: gen_perek:DUT_gen_perek|top_lfsr_5:DutGenPerek|lfsr_fibonacci_param:dut_fib_3
 21. Post-Synthesis Netlist Statistics for Top Partition
 22. Elapsed Time Per Partition
 23. Analysis & Synthesis Messages



----------------
; Legal Notice ;
----------------
Copyright (C) 2020  Intel Corporation. All rights reserved.
Your use of Intel Corporation's design tools, logic functions 
and other software and tools, and any partner logic 
functions, and any output files from any of the foregoing 
(including device programming or simulation files), and any 
associated documentation or information are expressly subject 
to the terms and conditions of the Intel Program License 
Subscription Agreement, the Intel Quartus Prime License Agreement,
the Intel FPGA IP License Agreement, or other applicable license
agreement, including, without limitation, that your use is for
the sole purpose of programming logic devices manufactured by
Intel and sold by Intel or its authorized distributors.  Please
refer to the applicable agreement for further details, at
https://fpgasoftware.intel.com/eula.



+----------------------------------------------------------------------------------+
; Analysis & Synthesis Summary                                                     ;
+------------------------------------+---------------------------------------------+
; Analysis & Synthesis Status        ; Successful - Wed Nov 29 14:01:43 2023       ;
; Quartus Prime Version              ; 20.1.1 Build 720 11/11/2020 SJ Lite Edition ;
; Revision Name                      ; only_hw_3_lab                               ;
; Top-level Entity Name              ; HighestGenTop                               ;
; Family                             ; Cyclone IV E                                ;
; Total logic elements               ; 73                                          ;
;     Total combinational functions  ; 50                                          ;
;     Dedicated logic registers      ; 72                                          ;
; Total registers                    ; 72                                          ;
; Total pins                         ; 6                                           ;
; Total virtual pins                 ; 0                                           ;
; Total memory bits                  ; 0                                           ;
; Embedded Multiplier 9-bit elements ; 0                                           ;
; Total PLLs                         ; 0                                           ;
+------------------------------------+---------------------------------------------+


+------------------------------------------------------------------------------------------------------------+
; Analysis & Synthesis Settings                                                                              ;
+------------------------------------------------------------------+--------------------+--------------------+
; Option                                                           ; Setting            ; Default Value      ;
+------------------------------------------------------------------+--------------------+--------------------+
; Device                                                           ; EP4CE6E22C8        ;                    ;
; Top-level entity name                                            ; HighestGenTop      ; only_hw_3_lab      ;
; Family name                                                      ; Cyclone IV E       ; Cyclone V          ;
; Use smart compilation                                            ; Off                ; Off                ;
; Enable parallel Assembler and Timing Analyzer during compilation ; On                 ; On                 ;
; Enable compact report table                                      ; Off                ; Off                ;
; Restructure Multiplexers                                         ; Auto               ; Auto               ;
; Create Debugging Nodes for IP Cores                              ; Off                ; Off                ;
; Preserve fewer node names                                        ; On                 ; On                 ;
; Intel FPGA IP Evaluation Mode                                    ; Enable             ; Enable             ;
; Verilog Version                                                  ; Verilog_2001       ; Verilog_2001       ;
; VHDL Version                                                     ; VHDL_1993          ; VHDL_1993          ;
; State Machine Processing                                         ; Auto               ; Auto               ;
; Safe State Machine                                               ; Off                ; Off                ;
; Extract Verilog State Machines                                   ; On                 ; On                 ;
; Extract VHDL State Machines                                      ; On                 ; On                 ;
; Ignore Verilog initial constructs                                ; Off                ; Off                ;
; Iteration limit for constant Verilog loops                       ; 5000               ; 5000               ;
; Iteration limit for non-constant Verilog loops                   ; 250                ; 250                ;
; Add Pass-Through Logic to Inferred RAMs                          ; On                 ; On                 ;
; Infer RAMs from Raw Logic                                        ; On                 ; On                 ;
; Parallel Synthesis                                               ; On                 ; On                 ;
; DSP Block Balancing                                              ; Auto               ; Auto               ;
; NOT Gate Push-Back                                               ; On                 ; On                 ;
; Power-Up Don't Care                                              ; On                 ; On                 ;
; Remove Redundant Logic Cells                                     ; Off                ; Off                ;
; Remove Duplicate Registers                                       ; On                 ; On                 ;
; Ignore CARRY Buffers                                             ; Off                ; Off                ;
; Ignore CASCADE Buffers                                           ; Off                ; Off                ;
; Ignore GLOBAL Buffers                                            ; Off                ; Off                ;
; Ignore ROW GLOBAL Buffers                                        ; Off                ; Off                ;
; Ignore LCELL Buffers                                             ; Off                ; Off                ;
; Ignore SOFT Buffers                                              ; On                 ; On                 ;
; Limit AHDL Integers to 32 Bits                                   ; Off                ; Off                ;
; Optimization Technique                                           ; Balanced           ; Balanced           ;
; Carry Chain Length                                               ; 70                 ; 70                 ;
; Auto Carry Chains                                                ; On                 ; On                 ;
; Auto Open-Drain Pins                                             ; On                 ; On                 ;
; Perform WYSIWYG Primitive Resynthesis                            ; Off                ; Off                ;
; Auto ROM Replacement                                             ; On                 ; On                 ;
; Auto RAM Replacement                                             ; On                 ; On                 ;
; Auto DSP Block Replacement                                       ; On                 ; On                 ;
; Auto Shift Register Replacement                                  ; Auto               ; Auto               ;
; Allow Shift Register Merging across Hierarchies                  ; Auto               ; Auto               ;
; Auto Clock Enable Replacement                                    ; On                 ; On                 ;
; Strict RAM Replacement                                           ; Off                ; Off                ;
; Allow Synchronous Control Signals                                ; On                 ; On                 ;
; Force Use of Synchronous Clear Signals                           ; Off                ; Off                ;
; Auto RAM Block Balancing                                         ; On                 ; On                 ;
; Auto RAM to Logic Cell Conversion                                ; Off                ; Off                ;
; Auto Resource Sharing                                            ; Off                ; Off                ;
; Allow Any RAM Size For Recognition                               ; Off                ; Off                ;
; Allow Any ROM Size For Recognition                               ; Off                ; Off                ;
; Allow Any Shift Register Size For Recognition                    ; Off                ; Off                ;
; Use LogicLock Constraints during Resource Balancing              ; On                 ; On                 ;
; Ignore translate_off and synthesis_off directives                ; Off                ; Off                ;
; Timing-Driven Synthesis                                          ; On                 ; On                 ;
; Report Parameter Settings                                        ; On                 ; On                 ;
; Report Source Assignments                                        ; On                 ; On                 ;
; Report Connectivity Checks                                       ; On                 ; On                 ;
; Ignore Maximum Fan-Out Assignments                               ; Off                ; Off                ;
; Synchronization Register Chain Length                            ; 2                  ; 2                  ;
; Power Optimization During Synthesis                              ; Normal compilation ; Normal compilation ;
; HDL message level                                                ; Level2             ; Level2             ;
; Suppress Register Optimization Related Messages                  ; Off                ; Off                ;
; Number of Removed Registers Reported in Synthesis Report         ; 5000               ; 5000               ;
; Number of Swept Nodes Reported in Synthesis Report               ; 5000               ; 5000               ;
; Number of Inverted Registers Reported in Synthesis Report        ; 100                ; 100                ;
; Clock MUX Protection                                             ; On                 ; On                 ;
; Auto Gated Clock Conversion                                      ; Off                ; Off                ;
; Block Design Naming                                              ; Auto               ; Auto               ;
; SDC constraint protection                                        ; Off                ; Off                ;
; Synthesis Effort                                                 ; Auto               ; Auto               ;
; Shift Register Replacement - Allow Asynchronous Clear Signal     ; On                 ; On                 ;
; Pre-Mapping Resynthesis Optimization                             ; Off                ; Off                ;
; Analysis & Synthesis Message Level                               ; Medium             ; Medium             ;
; Disable Register Merging Across Hierarchies                      ; Auto               ; Auto               ;
; Resource Aware Inference For Block RAM                           ; On                 ; On                 ;
+------------------------------------------------------------------+--------------------+--------------------+


+------------------------------------------+
; Parallel Compilation                     ;
+----------------------------+-------------+
; Processors                 ; Number      ;
+----------------------------+-------------+
; Number detected on machine ; 12          ;
; Maximum allowed            ; 6           ;
;                            ;             ;
; Average used               ; 1.00        ;
; Maximum used               ; 6           ;
;                            ;             ;
; Usage by Processor         ; % Time Used ;
;     Processor 1            ; 100.0%      ;
;     Processors 2-6         ;   0.0%      ;
+----------------------------+-------------+


+--------------------------------------------------------------------------------------------------------------------------------------------------------------------+
; Analysis & Synthesis Source Files Read                                                                                                                             ;
+----------------------------------+-----------------+------------------------------+----------------------------------------------------------------------+---------+
; File Name with User-Entered Path ; Used in Netlist ; File Type                    ; File Name with Absolute Path                                         ; Library ;
+----------------------------------+-----------------+------------------------------+----------------------------------------------------------------------+---------+
; src/lfsr_fibonacci_param.sv      ; yes             ; User SystemVerilog HDL File  ; /home/k-105-03/workspace/29nov/only_hw_3/src/lfsr_fibonacci_param.sv ;         ;
; src/mux_2to1.sv                  ; yes             ; User SystemVerilog HDL File  ; /home/k-105-03/workspace/29nov/only_hw_3/src/mux_2to1.sv             ;         ;
; src/top_lfsr_5.sv                ; yes             ; User SystemVerilog HDL File  ; /home/k-105-03/workspace/29nov/only_hw_3/src/top_lfsr_5.sv           ;         ;
; src/gen_neperek.sv               ; yes             ; User SystemVerilog HDL File  ; /home/k-105-03/workspace/29nov/only_hw_3/src/gen_neperek.sv          ;         ;
; src/gen_perek.sv                 ; yes             ; User SystemVerilog HDL File  ; /home/k-105-03/workspace/29nov/only_hw_3/src/gen_perek.sv            ;         ;
; src/mealy_perek.sv               ; yes             ; User SystemVerilog HDL File  ; /home/k-105-03/workspace/29nov/only_hw_3/src/mealy_perek.sv          ;         ;
; src/mealy_neperek.sv             ; yes             ; User SystemVerilog HDL File  ; /home/k-105-03/workspace/29nov/only_hw_3/src/mealy_neperek.sv        ;         ;
; src/moore_neperek.sv             ; yes             ; User SystemVerilog HDL File  ; /home/k-105-03/workspace/29nov/only_hw_3/src/moore_neperek.sv        ;         ;
; src/moore_perek.sv               ; yes             ; User SystemVerilog HDL File  ; /home/k-105-03/workspace/29nov/only_hw_3/src/moore_perek.sv          ;         ;
; src/HighestGenTop.sv             ; yes             ; User SystemVerilog HDL File  ; /home/k-105-03/workspace/29nov/only_hw_3/src/HighestGenTop.sv        ;         ;
+----------------------------------+-----------------+------------------------------+----------------------------------------------------------------------+---------+


+---------------------------------------------------------+
; Analysis & Synthesis Resource Usage Summary             ;
+---------------------------------------------+-----------+
; Resource                                    ; Usage     ;
+---------------------------------------------+-----------+
; Estimated Total logic elements              ; 73        ;
;                                             ;           ;
; Total combinational functions               ; 50        ;
; Logic element usage by number of LUT inputs ;           ;
;     -- 4 input functions                    ; 21        ;
;     -- 3 input functions                    ; 7         ;
;     -- <=2 input functions                  ; 22        ;
;                                             ;           ;
; Logic elements by mode                      ;           ;
;     -- normal mode                          ; 50        ;
;     -- arithmetic mode                      ; 0         ;
;                                             ;           ;
; Total registers                             ; 72        ;
;     -- Dedicated logic registers            ; 72        ;
;     -- I/O registers                        ; 0         ;
;                                             ;           ;
; I/O pins                                    ; 6         ;
;                                             ;           ;
; Embedded Multiplier 9-bit elements          ; 0         ;
;                                             ;           ;
; Maximum fan-out node                        ; clk~input ;
; Maximum fan-out                             ; 72        ;
; Total fan-out                               ; 353       ;
; Average fan-out                             ; 2.63      ;
+---------------------------------------------+-----------+


+-----------------------------------------------------------------------------------------------------------------------------------------------------------------------------------------------------------------------------------------------------------------------------------------------------------------+
; Analysis & Synthesis Resource Utilization by Entity                                                                                                                                                                                                                                                             ;
+-------------------------------------------+---------------------+---------------------------+-------------+--------------+---------+-----------+------+--------------+----------------------------------------------------------------------------------------------------+----------------------+--------------+
; Compilation Hierarchy Node                ; Combinational ALUTs ; Dedicated Logic Registers ; Memory Bits ; DSP Elements ; DSP 9x9 ; DSP 18x18 ; Pins ; Virtual Pins ; Full Hierarchy Name                                                                                ; Entity Name          ; Library Name ;
+-------------------------------------------+---------------------+---------------------------+-------------+--------------+---------+-----------+------+--------------+----------------------------------------------------------------------------------------------------+----------------------+--------------+
; |HighestGenTop                            ; 50 (0)              ; 72 (0)                    ; 0           ; 0            ; 0       ; 0         ; 6    ; 0            ; |HighestGenTop                                                                                     ; HighestGenTop        ; work         ;
;    |gen_neperek:DUT_gen_neperek|          ; 37 (0)              ; 60 (0)                    ; 0           ; 0            ; 0       ; 0         ; 0    ; 0            ; |HighestGenTop|gen_neperek:DUT_gen_neperek                                                         ; gen_neperek          ; work         ;
;       |mealy_neperek:DutMealyNeperek|     ; 6 (6)               ; 6 (6)                     ; 0           ; 0            ; 0       ; 0         ; 0    ; 0            ; |HighestGenTop|gen_neperek:DUT_gen_neperek|mealy_neperek:DutMealyNeperek                           ; mealy_neperek        ; work         ;
;       |moore_neperek:DutMooreNeperek|     ; 6 (6)               ; 6 (6)                     ; 0           ; 0            ; 0       ; 0         ; 0    ; 0            ; |HighestGenTop|gen_neperek:DUT_gen_neperek|moore_neperek:DutMooreNeperek                           ; moore_neperek        ; work         ;
;       |top_lfsr_5:DutGenNeperek|          ; 25 (0)              ; 48 (0)                    ; 0           ; 0            ; 0       ; 0         ; 0    ; 0            ; |HighestGenTop|gen_neperek:DUT_gen_neperek|top_lfsr_5:DutGenNeperek                                ; top_lfsr_5           ; work         ;
;          |lfsr_fibonacci_param:dut_fib_1| ; 7 (7)               ; 16 (16)                   ; 0           ; 0            ; 0       ; 0         ; 0    ; 0            ; |HighestGenTop|gen_neperek:DUT_gen_neperek|top_lfsr_5:DutGenNeperek|lfsr_fibonacci_param:dut_fib_1 ; lfsr_fibonacci_param ; work         ;
;          |lfsr_fibonacci_param:dut_fib_2| ; 10 (10)             ; 16 (16)                   ; 0           ; 0            ; 0       ; 0         ; 0    ; 0            ; |HighestGenTop|gen_neperek:DUT_gen_neperek|top_lfsr_5:DutGenNeperek|lfsr_fibonacci_param:dut_fib_2 ; lfsr_fibonacci_param ; work         ;
;          |lfsr_fibonacci_param:dut_fib_3| ; 8 (8)               ; 16 (16)                   ; 0           ; 0            ; 0       ; 0         ; 0    ; 0            ; |HighestGenTop|gen_neperek:DUT_gen_neperek|top_lfsr_5:DutGenNeperek|lfsr_fibonacci_param:dut_fib_3 ; lfsr_fibonacci_param ; work         ;
;    |gen_perek:DUT_gen_perek|              ; 13 (0)              ; 12 (0)                    ; 0           ; 0            ; 0       ; 0         ; 0    ; 0            ; |HighestGenTop|gen_perek:DUT_gen_perek                                                             ; gen_perek            ; work         ;
;       |mealy_perek:DutMealyPerek|         ; 6 (6)               ; 6 (6)                     ; 0           ; 0            ; 0       ; 0         ; 0    ; 0            ; |HighestGenTop|gen_perek:DUT_gen_perek|mealy_perek:DutMealyPerek                                   ; mealy_perek          ; work         ;
;       |moore_perek:DutMoorePerek|         ; 6 (6)               ; 6 (6)                     ; 0           ; 0            ; 0       ; 0         ; 0    ; 0            ; |HighestGenTop|gen_perek:DUT_gen_perek|moore_perek:DutMoorePerek                                   ; moore_perek          ; work         ;
;       |top_lfsr_5:DutGenPerek|            ; 1 (0)               ; 0 (0)                     ; 0           ; 0            ; 0       ; 0         ; 0    ; 0            ; |HighestGenTop|gen_perek:DUT_gen_perek|top_lfsr_5:DutGenPerek                                      ; top_lfsr_5           ; work         ;
;          |mux_2to1:dut_mux|               ; 1 (1)               ; 0 (0)                     ; 0           ; 0            ; 0       ; 0         ; 0    ; 0            ; |HighestGenTop|gen_perek:DUT_gen_perek|top_lfsr_5:DutGenPerek|mux_2to1:dut_mux                     ; mux_2to1             ; work         ;
+-------------------------------------------+---------------------+---------------------------+-------------+--------------+---------+-----------+------+--------------+----------------------------------------------------------------------------------------------------+----------------------+--------------+
Note: For table entries with two numbers listed, the numbers in parentheses indicate the number of resources of the given type used by the specific entity alone. The numbers listed outside of parentheses indicate the total resources of the given type used by the specific entity and all of its sub-entities in the hierarchy.


Encoding Type:  One-Hot
+----------------------------------------------------------------------------------------+
; State Machine - |HighestGenTop|gen_perek:DUT_gen_perek|mealy_perek:DutMealyPerek|state ;
+-------------+------------+------------+------------+-------------+---------------------+
; Name        ; state.DIG3 ; state.DIG2 ; state.DIG1 ; state.START ; state.DIG4          ;
+-------------+------------+------------+------------+-------------+---------------------+
; state.START ; 0          ; 0          ; 0          ; 0           ; 0                   ;
; state.DIG1  ; 0          ; 0          ; 1          ; 1           ; 0                   ;
; state.DIG2  ; 0          ; 1          ; 0          ; 1           ; 0                   ;
; state.DIG3  ; 1          ; 0          ; 0          ; 1           ; 0                   ;
; state.DIG4  ; 0          ; 0          ; 0          ; 1           ; 1                   ;
+-------------+------------+------------+------------+-------------+---------------------+


Encoding Type:  One-Hot
+------------------------------------------------------------------------------------------+
; State Machine - |HighestGenTop|gen_perek:DUT_gen_perek|moore_perek:DutMoorePerek|state   ;
+-------------+----------+------------+------------+------------+------------+-------------+
; Name        ; state.EN ; state.DIG4 ; state.DIG3 ; state.DIG2 ; state.DIG1 ; state.START ;
+-------------+----------+------------+------------+------------+------------+-------------+
; state.START ; 0        ; 0          ; 0          ; 0          ; 0          ; 0           ;
; state.DIG1  ; 0        ; 0          ; 0          ; 0          ; 1          ; 1           ;
; state.DIG2  ; 0        ; 0          ; 0          ; 1          ; 0          ; 1           ;
; state.DIG3  ; 0        ; 0          ; 1          ; 0          ; 0          ; 1           ;
; state.DIG4  ; 0        ; 1          ; 0          ; 0          ; 0          ; 1           ;
; state.EN    ; 1        ; 0          ; 0          ; 0          ; 0          ; 1           ;
+-------------+----------+------------+------------+------------+------------+-------------+


Encoding Type:  One-Hot
+------------------------------------------------------------------------------------------------+
; State Machine - |HighestGenTop|gen_neperek:DUT_gen_neperek|mealy_neperek:DutMealyNeperek|state ;
+-------------+------------+------------+------------+-------------+-----------------------------+
; Name        ; state.DIG3 ; state.DIG2 ; state.DIG1 ; state.START ; state.DIG4                  ;
+-------------+------------+------------+------------+-------------+-----------------------------+
; state.START ; 0          ; 0          ; 0          ; 0           ; 0                           ;
; state.DIG1  ; 0          ; 0          ; 1          ; 1           ; 0                           ;
; state.DIG2  ; 0          ; 1          ; 0          ; 1           ; 0                           ;
; state.DIG3  ; 1          ; 0          ; 0          ; 1           ; 0                           ;
; state.DIG4  ; 0          ; 0          ; 0          ; 1           ; 1                           ;
+-------------+------------+------------+------------+-------------+-----------------------------+


Encoding Type:  One-Hot
+--------------------------------------------------------------------------------------------------------+
; State Machine - |HighestGenTop|gen_neperek:DUT_gen_neperek|moore_neperek:DutMooreNeperek|state         ;
+---------------+----------+---------------+---------------+---------------+---------------+-------------+
; Name          ; state.EN ; state.DIGIT_4 ; state.DIGIT_3 ; state.DIGIT_2 ; state.DIGIT_1 ; state.START ;
+---------------+----------+---------------+---------------+---------------+---------------+-------------+
; state.START   ; 0        ; 0             ; 0             ; 0             ; 0             ; 0           ;
; state.DIGIT_1 ; 0        ; 0             ; 0             ; 0             ; 1             ; 1           ;
; state.DIGIT_2 ; 0        ; 0             ; 0             ; 1             ; 0             ; 1           ;
; state.DIGIT_3 ; 0        ; 0             ; 1             ; 0             ; 0             ; 1           ;
; state.DIGIT_4 ; 0        ; 1             ; 0             ; 0             ; 0             ; 1           ;
; state.EN      ; 1        ; 0             ; 0             ; 0             ; 0             ; 1           ;
+---------------+----------+---------------+---------------+---------------+---------------+-------------+


+-----------------------------------------------------------------------------------------------------------------------------------------------------------------------------------------------------------+
; Registers Removed During Synthesis                                                                                                                                                                        ;
+--------------------------------------------------------------------------------------------+--------------------------------------------------------------------------------------------------------------+
; Register name                                                                              ; Reason for Removal                                                                                           ;
+--------------------------------------------------------------------------------------------+--------------------------------------------------------------------------------------------------------------+
; gen_perek:DUT_gen_perek|top_lfsr_5:DutGenPerek|lfsr_fibonacci_param:dut_fib_2|lfsr_reg[15] ; Merged with gen_neperek:DUT_gen_neperek|top_lfsr_5:DutGenNeperek|lfsr_fibonacci_param:dut_fib_2|lfsr_reg[15] ;
; gen_perek:DUT_gen_perek|top_lfsr_5:DutGenPerek|lfsr_fibonacci_param:dut_fib_1|lfsr_reg[15] ; Merged with gen_neperek:DUT_gen_neperek|top_lfsr_5:DutGenNeperek|lfsr_fibonacci_param:dut_fib_1|lfsr_reg[15] ;
; gen_perek:DUT_gen_perek|top_lfsr_5:DutGenPerek|lfsr_fibonacci_param:dut_fib_3|lfsr_reg[15] ; Merged with gen_neperek:DUT_gen_neperek|top_lfsr_5:DutGenNeperek|lfsr_fibonacci_param:dut_fib_3|lfsr_reg[15] ;
; gen_perek:DUT_gen_perek|top_lfsr_5:DutGenPerek|lfsr_fibonacci_param:dut_fib_2|lfsr_reg[14] ; Merged with gen_neperek:DUT_gen_neperek|top_lfsr_5:DutGenNeperek|lfsr_fibonacci_param:dut_fib_2|lfsr_reg[14] ;
; gen_perek:DUT_gen_perek|top_lfsr_5:DutGenPerek|lfsr_fibonacci_param:dut_fib_1|lfsr_reg[14] ; Merged with gen_neperek:DUT_gen_neperek|top_lfsr_5:DutGenNeperek|lfsr_fibonacci_param:dut_fib_1|lfsr_reg[14] ;
; gen_perek:DUT_gen_perek|top_lfsr_5:DutGenPerek|lfsr_fibonacci_param:dut_fib_3|lfsr_reg[14] ; Merged with gen_neperek:DUT_gen_neperek|top_lfsr_5:DutGenNeperek|lfsr_fibonacci_param:dut_fib_3|lfsr_reg[14] ;
; gen_perek:DUT_gen_perek|top_lfsr_5:DutGenPerek|lfsr_fibonacci_param:dut_fib_2|lfsr_reg[13] ; Merged with gen_neperek:DUT_gen_neperek|top_lfsr_5:DutGenNeperek|lfsr_fibonacci_param:dut_fib_2|lfsr_reg[13] ;
; gen_perek:DUT_gen_perek|top_lfsr_5:DutGenPerek|lfsr_fibonacci_param:dut_fib_1|lfsr_reg[13] ; Merged with gen_neperek:DUT_gen_neperek|top_lfsr_5:DutGenNeperek|lfsr_fibonacci_param:dut_fib_1|lfsr_reg[13] ;
; gen_perek:DUT_gen_perek|top_lfsr_5:DutGenPerek|lfsr_fibonacci_param:dut_fib_3|lfsr_reg[13] ; Merged with gen_neperek:DUT_gen_neperek|top_lfsr_5:DutGenNeperek|lfsr_fibonacci_param:dut_fib_3|lfsr_reg[13] ;
; gen_perek:DUT_gen_perek|top_lfsr_5:DutGenPerek|lfsr_fibonacci_param:dut_fib_2|lfsr_reg[12] ; Merged with gen_neperek:DUT_gen_neperek|top_lfsr_5:DutGenNeperek|lfsr_fibonacci_param:dut_fib_2|lfsr_reg[12] ;
; gen_perek:DUT_gen_perek|top_lfsr_5:DutGenPerek|lfsr_fibonacci_param:dut_fib_1|lfsr_reg[12] ; Merged with gen_neperek:DUT_gen_neperek|top_lfsr_5:DutGenNeperek|lfsr_fibonacci_param:dut_fib_1|lfsr_reg[12] ;
; gen_perek:DUT_gen_perek|top_lfsr_5:DutGenPerek|lfsr_fibonacci_param:dut_fib_3|lfsr_reg[12] ; Merged with gen_neperek:DUT_gen_neperek|top_lfsr_5:DutGenNeperek|lfsr_fibonacci_param:dut_fib_3|lfsr_reg[12] ;
; gen_perek:DUT_gen_perek|top_lfsr_5:DutGenPerek|lfsr_fibonacci_param:dut_fib_2|lfsr_reg[11] ; Merged with gen_neperek:DUT_gen_neperek|top_lfsr_5:DutGenNeperek|lfsr_fibonacci_param:dut_fib_2|lfsr_reg[11] ;
; gen_perek:DUT_gen_perek|top_lfsr_5:DutGenPerek|lfsr_fibonacci_param:dut_fib_1|lfsr_reg[11] ; Merged with gen_neperek:DUT_gen_neperek|top_lfsr_5:DutGenNeperek|lfsr_fibonacci_param:dut_fib_1|lfsr_reg[11] ;
; gen_perek:DUT_gen_perek|top_lfsr_5:DutGenPerek|lfsr_fibonacci_param:dut_fib_3|lfsr_reg[11] ; Merged with gen_neperek:DUT_gen_neperek|top_lfsr_5:DutGenNeperek|lfsr_fibonacci_param:dut_fib_3|lfsr_reg[11] ;
; gen_perek:DUT_gen_perek|top_lfsr_5:DutGenPerek|lfsr_fibonacci_param:dut_fib_2|lfsr_reg[10] ; Merged with gen_neperek:DUT_gen_neperek|top_lfsr_5:DutGenNeperek|lfsr_fibonacci_param:dut_fib_2|lfsr_reg[10] ;
; gen_perek:DUT_gen_perek|top_lfsr_5:DutGenPerek|lfsr_fibonacci_param:dut_fib_1|lfsr_reg[10] ; Merged with gen_neperek:DUT_gen_neperek|top_lfsr_5:DutGenNeperek|lfsr_fibonacci_param:dut_fib_1|lfsr_reg[10] ;
; gen_perek:DUT_gen_perek|top_lfsr_5:DutGenPerek|lfsr_fibonacci_param:dut_fib_3|lfsr_reg[10] ; Merged with gen_neperek:DUT_gen_neperek|top_lfsr_5:DutGenNeperek|lfsr_fibonacci_param:dut_fib_3|lfsr_reg[10] ;
; gen_perek:DUT_gen_perek|top_lfsr_5:DutGenPerek|lfsr_fibonacci_param:dut_fib_2|lfsr_reg[9]  ; Merged with gen_neperek:DUT_gen_neperek|top_lfsr_5:DutGenNeperek|lfsr_fibonacci_param:dut_fib_2|lfsr_reg[9]  ;
; gen_perek:DUT_gen_perek|top_lfsr_5:DutGenPerek|lfsr_fibonacci_param:dut_fib_1|lfsr_reg[9]  ; Merged with gen_neperek:DUT_gen_neperek|top_lfsr_5:DutGenNeperek|lfsr_fibonacci_param:dut_fib_1|lfsr_reg[9]  ;
; gen_perek:DUT_gen_perek|top_lfsr_5:DutGenPerek|lfsr_fibonacci_param:dut_fib_3|lfsr_reg[9]  ; Merged with gen_neperek:DUT_gen_neperek|top_lfsr_5:DutGenNeperek|lfsr_fibonacci_param:dut_fib_3|lfsr_reg[9]  ;
; gen_perek:DUT_gen_perek|top_lfsr_5:DutGenPerek|lfsr_fibonacci_param:dut_fib_2|lfsr_reg[8]  ; Merged with gen_neperek:DUT_gen_neperek|top_lfsr_5:DutGenNeperek|lfsr_fibonacci_param:dut_fib_2|lfsr_reg[8]  ;
; gen_perek:DUT_gen_perek|top_lfsr_5:DutGenPerek|lfsr_fibonacci_param:dut_fib_1|lfsr_reg[8]  ; Merged with gen_neperek:DUT_gen_neperek|top_lfsr_5:DutGenNeperek|lfsr_fibonacci_param:dut_fib_1|lfsr_reg[8]  ;
; gen_perek:DUT_gen_perek|top_lfsr_5:DutGenPerek|lfsr_fibonacci_param:dut_fib_3|lfsr_reg[8]  ; Merged with gen_neperek:DUT_gen_neperek|top_lfsr_5:DutGenNeperek|lfsr_fibonacci_param:dut_fib_3|lfsr_reg[8]  ;
; gen_perek:DUT_gen_perek|top_lfsr_5:DutGenPerek|lfsr_fibonacci_param:dut_fib_2|lfsr_reg[7]  ; Merged with gen_neperek:DUT_gen_neperek|top_lfsr_5:DutGenNeperek|lfsr_fibonacci_param:dut_fib_2|lfsr_reg[7]  ;
; gen_perek:DUT_gen_perek|top_lfsr_5:DutGenPerek|lfsr_fibonacci_param:dut_fib_1|lfsr_reg[7]  ; Merged with gen_neperek:DUT_gen_neperek|top_lfsr_5:DutGenNeperek|lfsr_fibonacci_param:dut_fib_1|lfsr_reg[7]  ;
; gen_perek:DUT_gen_perek|top_lfsr_5:DutGenPerek|lfsr_fibonacci_param:dut_fib_3|lfsr_reg[7]  ; Merged with gen_neperek:DUT_gen_neperek|top_lfsr_5:DutGenNeperek|lfsr_fibonacci_param:dut_fib_3|lfsr_reg[7]  ;
; gen_perek:DUT_gen_perek|top_lfsr_5:DutGenPerek|lfsr_fibonacci_param:dut_fib_2|lfsr_reg[6]  ; Merged with gen_neperek:DUT_gen_neperek|top_lfsr_5:DutGenNeperek|lfsr_fibonacci_param:dut_fib_2|lfsr_reg[6]  ;
; gen_perek:DUT_gen_perek|top_lfsr_5:DutGenPerek|lfsr_fibonacci_param:dut_fib_1|lfsr_reg[6]  ; Merged with gen_neperek:DUT_gen_neperek|top_lfsr_5:DutGenNeperek|lfsr_fibonacci_param:dut_fib_1|lfsr_reg[6]  ;
; gen_perek:DUT_gen_perek|top_lfsr_5:DutGenPerek|lfsr_fibonacci_param:dut_fib_3|lfsr_reg[6]  ; Merged with gen_neperek:DUT_gen_neperek|top_lfsr_5:DutGenNeperek|lfsr_fibonacci_param:dut_fib_3|lfsr_reg[6]  ;
; gen_perek:DUT_gen_perek|top_lfsr_5:DutGenPerek|lfsr_fibonacci_param:dut_fib_2|lfsr_reg[5]  ; Merged with gen_neperek:DUT_gen_neperek|top_lfsr_5:DutGenNeperek|lfsr_fibonacci_param:dut_fib_2|lfsr_reg[5]  ;
; gen_perek:DUT_gen_perek|top_lfsr_5:DutGenPerek|lfsr_fibonacci_param:dut_fib_1|lfsr_reg[5]  ; Merged with gen_neperek:DUT_gen_neperek|top_lfsr_5:DutGenNeperek|lfsr_fibonacci_param:dut_fib_1|lfsr_reg[5]  ;
; gen_perek:DUT_gen_perek|top_lfsr_5:DutGenPerek|lfsr_fibonacci_param:dut_fib_3|lfsr_reg[5]  ; Merged with gen_neperek:DUT_gen_neperek|top_lfsr_5:DutGenNeperek|lfsr_fibonacci_param:dut_fib_3|lfsr_reg[5]  ;
; gen_perek:DUT_gen_perek|top_lfsr_5:DutGenPerek|lfsr_fibonacci_param:dut_fib_2|lfsr_reg[4]  ; Merged with gen_neperek:DUT_gen_neperek|top_lfsr_5:DutGenNeperek|lfsr_fibonacci_param:dut_fib_2|lfsr_reg[4]  ;
; gen_perek:DUT_gen_perek|top_lfsr_5:DutGenPerek|lfsr_fibonacci_param:dut_fib_1|lfsr_reg[4]  ; Merged with gen_neperek:DUT_gen_neperek|top_lfsr_5:DutGenNeperek|lfsr_fibonacci_param:dut_fib_1|lfsr_reg[4]  ;
; gen_perek:DUT_gen_perek|top_lfsr_5:DutGenPerek|lfsr_fibonacci_param:dut_fib_3|lfsr_reg[4]  ; Merged with gen_neperek:DUT_gen_neperek|top_lfsr_5:DutGenNeperek|lfsr_fibonacci_param:dut_fib_3|lfsr_reg[4]  ;
; gen_perek:DUT_gen_perek|top_lfsr_5:DutGenPerek|lfsr_fibonacci_param:dut_fib_2|lfsr_reg[3]  ; Merged with gen_neperek:DUT_gen_neperek|top_lfsr_5:DutGenNeperek|lfsr_fibonacci_param:dut_fib_2|lfsr_reg[3]  ;
; gen_perek:DUT_gen_perek|top_lfsr_5:DutGenPerek|lfsr_fibonacci_param:dut_fib_1|lfsr_reg[3]  ; Merged with gen_neperek:DUT_gen_neperek|top_lfsr_5:DutGenNeperek|lfsr_fibonacci_param:dut_fib_1|lfsr_reg[3]  ;
; gen_perek:DUT_gen_perek|top_lfsr_5:DutGenPerek|lfsr_fibonacci_param:dut_fib_3|lfsr_reg[3]  ; Merged with gen_neperek:DUT_gen_neperek|top_lfsr_5:DutGenNeperek|lfsr_fibonacci_param:dut_fib_3|lfsr_reg[3]  ;
; gen_perek:DUT_gen_perek|top_lfsr_5:DutGenPerek|lfsr_fibonacci_param:dut_fib_2|lfsr_reg[2]  ; Merged with gen_neperek:DUT_gen_neperek|top_lfsr_5:DutGenNeperek|lfsr_fibonacci_param:dut_fib_2|lfsr_reg[2]  ;
; gen_perek:DUT_gen_perek|top_lfsr_5:DutGenPerek|lfsr_fibonacci_param:dut_fib_1|lfsr_reg[2]  ; Merged with gen_neperek:DUT_gen_neperek|top_lfsr_5:DutGenNeperek|lfsr_fibonacci_param:dut_fib_1|lfsr_reg[2]  ;
; gen_perek:DUT_gen_perek|top_lfsr_5:DutGenPerek|lfsr_fibonacci_param:dut_fib_3|lfsr_reg[2]  ; Merged with gen_neperek:DUT_gen_neperek|top_lfsr_5:DutGenNeperek|lfsr_fibonacci_param:dut_fib_3|lfsr_reg[2]  ;
; gen_perek:DUT_gen_perek|top_lfsr_5:DutGenPerek|lfsr_fibonacci_param:dut_fib_2|lfsr_reg[1]  ; Merged with gen_neperek:DUT_gen_neperek|top_lfsr_5:DutGenNeperek|lfsr_fibonacci_param:dut_fib_2|lfsr_reg[1]  ;
; gen_perek:DUT_gen_perek|top_lfsr_5:DutGenPerek|lfsr_fibonacci_param:dut_fib_1|lfsr_reg[1]  ; Merged with gen_neperek:DUT_gen_neperek|top_lfsr_5:DutGenNeperek|lfsr_fibonacci_param:dut_fib_1|lfsr_reg[1]  ;
; gen_perek:DUT_gen_perek|top_lfsr_5:DutGenPerek|lfsr_fibonacci_param:dut_fib_3|lfsr_reg[1]  ; Merged with gen_neperek:DUT_gen_neperek|top_lfsr_5:DutGenNeperek|lfsr_fibonacci_param:dut_fib_3|lfsr_reg[1]  ;
; gen_perek:DUT_gen_perek|top_lfsr_5:DutGenPerek|lfsr_fibonacci_param:dut_fib_2|lfsr_reg[0]  ; Merged with gen_neperek:DUT_gen_neperek|top_lfsr_5:DutGenNeperek|lfsr_fibonacci_param:dut_fib_2|lfsr_reg[0]  ;
; gen_perek:DUT_gen_perek|top_lfsr_5:DutGenPerek|lfsr_fibonacci_param:dut_fib_1|lfsr_reg[0]  ; Merged with gen_neperek:DUT_gen_neperek|top_lfsr_5:DutGenNeperek|lfsr_fibonacci_param:dut_fib_1|lfsr_reg[0]  ;
; gen_perek:DUT_gen_perek|top_lfsr_5:DutGenPerek|lfsr_fibonacci_param:dut_fib_3|lfsr_reg[0]  ; Merged with gen_neperek:DUT_gen_neperek|top_lfsr_5:DutGenNeperek|lfsr_fibonacci_param:dut_fib_3|lfsr_reg[0]  ;
; gen_perek:DUT_gen_perek|mealy_perek:DutMealyPerek|state~4                                  ; Lost fanout                                                                                                  ;
; gen_perek:DUT_gen_perek|mealy_perek:DutMealyPerek|state~5                                  ; Lost fanout                                                                                                  ;
; gen_perek:DUT_gen_perek|moore_perek:DutMoorePerek|state~4                                  ; Lost fanout                                                                                                  ;
; gen_perek:DUT_gen_perek|moore_perek:DutMoorePerek|state~5                                  ; Lost fanout                                                                                                  ;
; gen_perek:DUT_gen_perek|moore_perek:DutMoorePerek|state~6                                  ; Lost fanout                                                                                                  ;
; gen_neperek:DUT_gen_neperek|mealy_neperek:DutMealyNeperek|state~4                          ; Lost fanout                                                                                                  ;
; gen_neperek:DUT_gen_neperek|mealy_neperek:DutMealyNeperek|state~5                          ; Lost fanout                                                                                                  ;
; gen_neperek:DUT_gen_neperek|moore_neperek:DutMooreNeperek|state~4                          ; Lost fanout                                                                                                  ;
; gen_neperek:DUT_gen_neperek|moore_neperek:DutMooreNeperek|state~5                          ; Lost fanout                                                                                                  ;
; gen_neperek:DUT_gen_neperek|moore_neperek:DutMooreNeperek|state~6                          ; Lost fanout                                                                                                  ;
; Total Number of Removed Registers = 58                                                     ;                                                                                                              ;
+--------------------------------------------------------------------------------------------+--------------------------------------------------------------------------------------------------------------+


+------------------------------------------------------+
; General Register Statistics                          ;
+----------------------------------------------+-------+
; Statistic                                    ; Value ;
+----------------------------------------------+-------+
; Total registers                              ; 72    ;
; Number of registers using Synchronous Clear  ; 0     ;
; Number of registers using Synchronous Load   ; 0     ;
; Number of registers using Asynchronous Clear ; 72    ;
; Number of registers using Asynchronous Load  ; 0     ;
; Number of registers using Clock Enable       ; 0     ;
; Number of registers using Preset             ; 0     ;
+----------------------------------------------+-------+


+------------------------------------------------------------------------------------------------------------+
; Inverted Register Statistics                                                                               ;
+--------------------------------------------------------------------------------------------------+---------+
; Inverted Register                                                                                ; Fan out ;
+--------------------------------------------------------------------------------------------------+---------+
; gen_neperek:DUT_gen_neperek|top_lfsr_5:DutGenNeperek|lfsr_fibonacci_param:dut_fib_1|lfsr_reg[15] ; 22      ;
; gen_neperek:DUT_gen_neperek|top_lfsr_5:DutGenNeperek|lfsr_fibonacci_param:dut_fib_2|lfsr_reg[14] ; 1       ;
; gen_neperek:DUT_gen_neperek|top_lfsr_5:DutGenNeperek|lfsr_fibonacci_param:dut_fib_3|lfsr_reg[14] ; 1       ;
; gen_neperek:DUT_gen_neperek|top_lfsr_5:DutGenNeperek|lfsr_fibonacci_param:dut_fib_2|lfsr_reg[9]  ; 1       ;
; gen_neperek:DUT_gen_neperek|top_lfsr_5:DutGenNeperek|lfsr_fibonacci_param:dut_fib_3|lfsr_reg[9]  ; 1       ;
; gen_neperek:DUT_gen_neperek|top_lfsr_5:DutGenNeperek|lfsr_fibonacci_param:dut_fib_1|lfsr_reg[9]  ; 1       ;
; gen_neperek:DUT_gen_neperek|top_lfsr_5:DutGenNeperek|lfsr_fibonacci_param:dut_fib_2|lfsr_reg[8]  ; 1       ;
; gen_neperek:DUT_gen_neperek|top_lfsr_5:DutGenNeperek|lfsr_fibonacci_param:dut_fib_3|lfsr_reg[8]  ; 1       ;
; gen_neperek:DUT_gen_neperek|top_lfsr_5:DutGenNeperek|lfsr_fibonacci_param:dut_fib_1|lfsr_reg[8]  ; 1       ;
; gen_neperek:DUT_gen_neperek|top_lfsr_5:DutGenNeperek|lfsr_fibonacci_param:dut_fib_3|lfsr_reg[7]  ; 1       ;
; gen_neperek:DUT_gen_neperek|top_lfsr_5:DutGenNeperek|lfsr_fibonacci_param:dut_fib_1|lfsr_reg[7]  ; 1       ;
; gen_neperek:DUT_gen_neperek|top_lfsr_5:DutGenNeperek|lfsr_fibonacci_param:dut_fib_2|lfsr_reg[6]  ; 1       ;
; gen_neperek:DUT_gen_neperek|top_lfsr_5:DutGenNeperek|lfsr_fibonacci_param:dut_fib_2|lfsr_reg[2]  ; 2       ;
; gen_neperek:DUT_gen_neperek|top_lfsr_5:DutGenNeperek|lfsr_fibonacci_param:dut_fib_3|lfsr_reg[2]  ; 2       ;
; gen_neperek:DUT_gen_neperek|top_lfsr_5:DutGenNeperek|lfsr_fibonacci_param:dut_fib_1|lfsr_reg[2]  ; 2       ;
; gen_neperek:DUT_gen_neperek|top_lfsr_5:DutGenNeperek|lfsr_fibonacci_param:dut_fib_2|lfsr_reg[0]  ; 1       ;
; gen_neperek:DUT_gen_neperek|top_lfsr_5:DutGenNeperek|lfsr_fibonacci_param:dut_fib_3|lfsr_reg[0]  ; 1       ;
; gen_neperek:DUT_gen_neperek|top_lfsr_5:DutGenNeperek|lfsr_fibonacci_param:dut_fib_1|lfsr_reg[0]  ; 1       ;
; Total number of inverted registers = 18                                                          ;         ;
+--------------------------------------------------------------------------------------------------+---------+


+----------------------------------------------------------------------------------------------------------------------------------+
; Parameter Settings for User Entity Instance: gen_neperek:DUT_gen_neperek|top_lfsr_5:DutGenNeperek|lfsr_fibonacci_param:dut_fib_1 ;
+----------------+------------------+----------------------------------------------------------------------------------------------+
; Parameter Name ; Value            ; Type                                                                                         ;
+----------------+------------------+----------------------------------------------------------------------------------------------+
; init           ; 1010000111000001 ; Unsigned Binary                                                                              ;
+----------------+------------------+----------------------------------------------------------------------------------------------+
Note: In order to hide this table in the UI and the text report file, please set the "Show Parameter Settings in Synthesis Report" option in "Analysis and Synthesis Settings -> More Settings" to "Off".


+----------------------------------------------------------------------------------------------------------------------------------+
; Parameter Settings for User Entity Instance: gen_neperek:DUT_gen_neperek|top_lfsr_5:DutGenNeperek|lfsr_fibonacci_param:dut_fib_2 ;
+----------------+------------------+----------------------------------------------------------------------------------------------+
; Parameter Name ; Value            ; Type                                                                                         ;
+----------------+------------------+----------------------------------------------------------------------------------------------+
; init           ; 1010001011000010 ; Unsigned Binary                                                                              ;
+----------------+------------------+----------------------------------------------------------------------------------------------+
Note: In order to hide this table in the UI and the text report file, please set the "Show Parameter Settings in Synthesis Report" option in "Analysis and Synthesis Settings -> More Settings" to "Off".


+----------------------------------------------------------------------------------------------------------------------------------+
; Parameter Settings for User Entity Instance: gen_neperek:DUT_gen_neperek|top_lfsr_5:DutGenNeperek|lfsr_fibonacci_param:dut_fib_3 ;
+----------------+------------------+----------------------------------------------------------------------------------------------+
; Parameter Name ; Value            ; Type                                                                                         ;
+----------------+------------------+----------------------------------------------------------------------------------------------+
; init           ; 1010000111000010 ; Unsigned Binary                                                                              ;
+----------------+------------------+----------------------------------------------------------------------------------------------+
Note: In order to hide this table in the UI and the text report file, please set the "Show Parameter Settings in Synthesis Report" option in "Analysis and Synthesis Settings -> More Settings" to "Off".


+----------------------------------------------------------------------------------------------------------------------------+
; Parameter Settings for User Entity Instance: gen_perek:DUT_gen_perek|top_lfsr_5:DutGenPerek|lfsr_fibonacci_param:dut_fib_1 ;
+----------------+------------------+----------------------------------------------------------------------------------------+
; Parameter Name ; Value            ; Type                                                                                   ;
+----------------+------------------+----------------------------------------------------------------------------------------+
; init           ; 1010000111000001 ; Unsigned Binary                                                                        ;
+----------------+------------------+----------------------------------------------------------------------------------------+
Note: In order to hide this table in the UI and the text report file, please set the "Show Parameter Settings in Synthesis Report" option in "Analysis and Synthesis Settings -> More Settings" to "Off".


+----------------------------------------------------------------------------------------------------------------------------+
; Parameter Settings for User Entity Instance: gen_perek:DUT_gen_perek|top_lfsr_5:DutGenPerek|lfsr_fibonacci_param:dut_fib_2 ;
+----------------+------------------+----------------------------------------------------------------------------------------+
; Parameter Name ; Value            ; Type                                                                                   ;
+----------------+------------------+----------------------------------------------------------------------------------------+
; init           ; 1010001011000010 ; Unsigned Binary                                                                        ;
+----------------+------------------+----------------------------------------------------------------------------------------+
Note: In order to hide this table in the UI and the text report file, please set the "Show Parameter Settings in Synthesis Report" option in "Analysis and Synthesis Settings -> More Settings" to "Off".


+----------------------------------------------------------------------------------------------------------------------------+
; Parameter Settings for User Entity Instance: gen_perek:DUT_gen_perek|top_lfsr_5:DutGenPerek|lfsr_fibonacci_param:dut_fib_3 ;
+----------------+------------------+----------------------------------------------------------------------------------------+
; Parameter Name ; Value            ; Type                                                                                   ;
+----------------+------------------+----------------------------------------------------------------------------------------+
; init           ; 1010000111000010 ; Unsigned Binary                                                                        ;
+----------------+------------------+----------------------------------------------------------------------------------------+
Note: In order to hide this table in the UI and the text report file, please set the "Show Parameter Settings in Synthesis Report" option in "Analysis and Synthesis Settings -> More Settings" to "Off".


+-----------------------------------------------------+
; Post-Synthesis Netlist Statistics for Top Partition ;
+-----------------------+-----------------------------+
; Type                  ; Count                       ;
+-----------------------+-----------------------------+
; boundary_port         ; 6                           ;
; cycloneiii_ff         ; 72                          ;
;     CLR               ; 72                          ;
; cycloneiii_lcell_comb ; 50                          ;
;     normal            ; 50                          ;
;         1 data inputs ; 22                          ;
;         3 data inputs ; 7                           ;
;         4 data inputs ; 21                          ;
;                       ;                             ;
; Max LUT depth         ; 2.00                        ;
; Average LUT depth     ; 0.91                        ;
+-----------------------+-----------------------------+


+-------------------------------+
; Elapsed Time Per Partition    ;
+----------------+--------------+
; Partition Name ; Elapsed Time ;
+----------------+--------------+
; Top            ; 00:00:00     ;
+----------------+--------------+


+-------------------------------+
; Analysis & Synthesis Messages ;
+-------------------------------+
Info: *******************************************************************
Info: Running Quartus Prime Analysis & Synthesis
    Info: Version 20.1.1 Build 720 11/11/2020 SJ Lite Edition
    Info: Processing started: Wed Nov 29 14:01:38 2023
Info: Command: quartus_map --read_settings_files=on --write_settings_files=off only_hw_3_lab -c only_hw_3_lab
Warning (18236): Number of processors has not been specified which may cause overloading on shared machines.  Set the global assignment NUM_PARALLEL_PROCESSORS in your QSF to an appropriate value for best performance.
Info (20030): Parallel compilation is enabled and will use 6 of the 6 processors detected
Info (12021): Found 1 design units, including 1 entities, in source file src/lfsr_fibonacci_param.sv
    Info (12023): Found entity 1: lfsr_fibonacci_param File: /home/k-105-03/workspace/29nov/only_hw_3/src/lfsr_fibonacci_param.sv Line: 1
Info (12021): Found 1 design units, including 1 entities, in source file src/mux_2to1.sv
    Info (12023): Found entity 1: mux_2to1 File: /home/k-105-03/workspace/29nov/only_hw_3/src/mux_2to1.sv Line: 1
Info (12021): Found 1 design units, including 1 entities, in source file src/top_lfsr_5.sv
    Info (12023): Found entity 1: top_lfsr_5 File: /home/k-105-03/workspace/29nov/only_hw_3/src/top_lfsr_5.sv Line: 1
Info (12021): Found 1 design units, including 1 entities, in source file src/gen_neperek.sv
    Info (12023): Found entity 1: gen_neperek File: /home/k-105-03/workspace/29nov/only_hw_3/src/gen_neperek.sv Line: 1
Info (12021): Found 1 design units, including 1 entities, in source file src/gen_perek.sv
    Info (12023): Found entity 1: gen_perek File: /home/k-105-03/workspace/29nov/only_hw_3/src/gen_perek.sv Line: 1
Info (12021): Found 1 design units, including 1 entities, in source file src/mealy_perek.sv
    Info (12023): Found entity 1: mealy_perek File: /home/k-105-03/workspace/29nov/only_hw_3/src/mealy_perek.sv Line: 1
Info (12021): Found 1 design units, including 1 entities, in source file src/mealy_neperek.sv
    Info (12023): Found entity 1: mealy_neperek File: /home/k-105-03/workspace/29nov/only_hw_3/src/mealy_neperek.sv Line: 1
Info (12021): Found 1 design units, including 1 entities, in source file src/moore_neperek.sv
    Info (12023): Found entity 1: moore_neperek File: /home/k-105-03/workspace/29nov/only_hw_3/src/moore_neperek.sv Line: 1
Info (12021): Found 1 design units, including 1 entities, in source file src/moore_perek.sv
    Info (12023): Found entity 1: moore_perek File: /home/k-105-03/workspace/29nov/only_hw_3/src/moore_perek.sv Line: 1
Info (12021): Found 1 design units, including 1 entities, in source file src/HighestGenTop.sv
    Info (12023): Found entity 1: HighestGenTop File: /home/k-105-03/workspace/29nov/only_hw_3/src/HighestGenTop.sv Line: 1
Info (12021): Found 1 design units, including 1 entities, in source file src/tb_highest_top.sv
    Info (12023): Found entity 1: tb_highest_top File: /home/k-105-03/workspace/29nov/only_hw_3/src/tb_highest_top.sv Line: 3
Info (12127): Elaborating entity "HighestGenTop" for the top level hierarchy
Info (12128): Elaborating entity "gen_neperek" for hierarchy "gen_neperek:DUT_gen_neperek" File: /home/k-105-03/workspace/29nov/only_hw_3/src/HighestGenTop.sv Line: 6
Info (12128): Elaborating entity "top_lfsr_5" for hierarchy "gen_neperek:DUT_gen_neperek|top_lfsr_5:DutGenNeperek" File: /home/k-105-03/workspace/29nov/only_hw_3/src/gen_neperek.sv Line: 7
Info (12128): Elaborating entity "lfsr_fibonacci_param" for hierarchy "gen_neperek:DUT_gen_neperek|top_lfsr_5:DutGenNeperek|lfsr_fibonacci_param:dut_fib_1" File: /home/k-105-03/workspace/29nov/only_hw_3/src/top_lfsr_5.sv Line: 9
Info (12128): Elaborating entity "lfsr_fibonacci_param" for hierarchy "gen_neperek:DUT_gen_neperek|top_lfsr_5:DutGenNeperek|lfsr_fibonacci_param:dut_fib_2" File: /home/k-105-03/workspace/29nov/only_hw_3/src/top_lfsr_5.sv Line: 10
Info (12128): Elaborating entity "lfsr_fibonacci_param" for hierarchy "gen_neperek:DUT_gen_neperek|top_lfsr_5:DutGenNeperek|lfsr_fibonacci_param:dut_fib_3" File: /home/k-105-03/workspace/29nov/only_hw_3/src/top_lfsr_5.sv Line: 11
Info (12128): Elaborating entity "mux_2to1" for hierarchy "gen_neperek:DUT_gen_neperek|top_lfsr_5:DutGenNeperek|mux_2to1:dut_mux" File: /home/k-105-03/workspace/29nov/only_hw_3/src/top_lfsr_5.sv Line: 12
Info (12128): Elaborating entity "moore_neperek" for hierarchy "gen_neperek:DUT_gen_neperek|moore_neperek:DutMooreNeperek" File: /home/k-105-03/workspace/29nov/only_hw_3/src/gen_neperek.sv Line: 8
Warning (10230): Verilog HDL assignment warning at moore_neperek.sv(30): truncated value with size 3 to match size of target (1) File: /home/k-105-03/workspace/29nov/only_hw_3/src/moore_neperek.sv Line: 30
Info (12128): Elaborating entity "mealy_neperek" for hierarchy "gen_neperek:DUT_gen_neperek|mealy_neperek:DutMealyNeperek" File: /home/k-105-03/workspace/29nov/only_hw_3/src/gen_neperek.sv Line: 9
Info (12128): Elaborating entity "gen_perek" for hierarchy "gen_perek:DUT_gen_perek" File: /home/k-105-03/workspace/29nov/only_hw_3/src/HighestGenTop.sv Line: 7
Info (12128): Elaborating entity "moore_perek" for hierarchy "gen_perek:DUT_gen_perek|moore_perek:DutMoorePerek" File: /home/k-105-03/workspace/29nov/only_hw_3/src/gen_perek.sv Line: 8
Warning (10230): Verilog HDL assignment warning at moore_perek.sv(30): truncated value with size 3 to match size of target (1) File: /home/k-105-03/workspace/29nov/only_hw_3/src/moore_perek.sv Line: 30
Info (12128): Elaborating entity "mealy_perek" for hierarchy "gen_perek:DUT_gen_perek|mealy_perek:DutMealyPerek" File: /home/k-105-03/workspace/29nov/only_hw_3/src/gen_perek.sv Line: 9
Info (13000): Registers with preset signals will power-up high File: /home/k-105-03/workspace/29nov/only_hw_3/src/lfsr_fibonacci_param.sv Line: 18
Info (13003): DEV_CLRn pin will set, and not reset, register with preset signal due to NOT Gate Push-Back
Info (286030): Timing-Driven Synthesis is running
Info (17049): 10 registers lost all their fanouts during netlist optimizations.
Info (16010): Generating hard_block partition "hard_block:auto_generated_inst"
    Info (16011): Adding 0 node(s), including 0 DDIO, 0 PLL, 0 transceiver and 0 LCELL
Info (21057): Implemented 83 device resources after synthesis - the final resource count might be different
    Info (21058): Implemented 2 input pins
    Info (21059): Implemented 4 output pins
    Info (21061): Implemented 77 logic cells
Info: Quartus Prime Analysis & Synthesis was successful. 0 errors, 3 warnings
    Info: Peak virtual memory: 423 megabytes
    Info: Processing ended: Wed Nov 29 14:01:43 2023
    Info: Elapsed time: 00:00:05
    Info: Total CPU time (on all processors): 00:00:12


